#
# A fatal error has been detected by the Java Runtime Environment:
#
#  SIGSEGV (0xb) at pc=0x00007f82a9bfecd2, pid=1148, tid=1149
#
# JRE version: OpenJDK Runtime Environment Corretto-11.0.15.9.1 (11.0.15+9) (build 11.0.15+9-LTS)
# Java VM: OpenJDK 64-Bit Server VM Corretto-11.0.15.9.1 (11.0.15+9-LTS, mixed mode, tiered, compressed oops, g1 gc, linux-amd64)
# Problematic frame:
# V  [libjvm.so+0x5fecd2]  ClassFileParser::parse_classfile_attributes(ClassFileStream const*, ConstantPool*, ClassFileParser::ClassAnnotationCollector*, Thread*)+0x1c2
#
# No core dump will be written. Core dumps have been disabled. To enable core dumping, try "ulimit -c unlimited" before starting Java again
#
# If you would like to submit a bug report, please visit:
#   https://github.com/corretto/corretto-11/issues/
#

---------------  S U M M A R Y ------------

Command Line: target/dsmovie-0.0.1-SNAPSHOT.jar

Host: Intel(R) Core(TM) i5-9300HF CPU @ 2.40GHz, 8 cores, 7G, Ubuntu 22.04 LTS
Time: Sat May 14 16:12:44 2022 -03 elapsed time: 2.348573 seconds (0d 0h 0m 2s)

---------------  T H R E A D  ---------------

Current thread (0x00007f82a4027000):  JavaThread "main" [_thread_in_vm, id=1149, stack(0x00007f82a9419000,0x00007f82a9519000)]

Stack: [0x00007f82a9419000,0x00007f82a9519000],  sp=0x00007f82a95139e0,  free space=1002k
Native frames: (J=compiled Java code, A=aot compiled Java code, j=interpreted, Vv=VM code, C=native code)
V  [libjvm.so+0x5fecd2]  ClassFileParser::parse_classfile_attributes(ClassFileStream const*, ConstantPool*, ClassFileParser::ClassAnnotationCollector*, Thread*)+0x1c2
V  [libjvm.so+0x60991a]  ClassFileParser::parse_stream(ClassFileStream const*, Thread*) [clone .part.140]+0xbaa
V  [libjvm.so+0x609fbe]  ClassFileParser::ClassFileParser(ClassFileStream*, Symbol*, ClassLoaderData*, Handle, InstanceKlass const*, GrowableArray<Handle>*, ClassFileParser::Publicity, Thread*)+0x3be
V  [libjvm.so+0xa882e4]  KlassFactory::create_from_stream(ClassFileStream*, Symbol*, ClassLoaderData*, Handle, InstanceKlass const*, GrowableArray<Handle>*, Thread*)+0x104
V  [libjvm.so+0x60fa06]  ClassLoader::load_class(Symbol*, bool, Thread*)+0x176
V  [libjvm.so+0xe9bcb5]  SystemDictionary::load_instance_class(Symbol*, Handle, Thread*)+0x4f5
V  [libjvm.so+0xe9a20a]  SystemDictionary::resolve_instance_class_or_null(Symbol*, Handle, Handle, Thread*)+0x93a
V  [libjvm.so+0xe9a632]  SystemDictionary::resolve_or_fail(Symbol*, Handle, Handle, bool, Thread*)+0x22
V  [libjvm.so+0x6c44bd]  ConstantPool::klass_at_impl(constantPoolHandle const&, int, bool, Thread*)+0xbd
V  [libjvm.so+0x8c793b]  InterpreterRuntime::ldc(JavaThread*, bool)+0x16b
j  java.lang.management.ManagementFactory$PlatformMBeanFinder.lambda$static$0()Ljava/util/List;+8 java.management@11.0.15
j  java.lang.management.ManagementFactory$PlatformMBeanFinder$$Lambda$172.run()Ljava/lang/Object;+0 java.management@11.0.15
v  ~StubRoutines::call_stub
V  [libjvm.so+0x8d6deb]  JavaCalls::call_helper(JavaValue*, methodHandle const&, JavaCallArguments*, Thread*)+0x39b
V  [libjvm.so+0x98b3b4]  JVM_DoPrivileged+0x534
j  java.security.AccessController.doPrivileged(Ljava/security/PrivilegedAction;Ljava/security/AccessControlContext;)Ljava/lang/Object;+0 java.base@11.0.15
j  java.security.AccessController.doPrivileged(Ljava/security/PrivilegedAction;Ljava/security/AccessControlContext;[Ljava/security/Permission;)Ljava/lang/Object;+48 java.base@11.0.15
j  java.lang.management.ManagementFactory$PlatformMBeanFinder.<clinit>()V+36 java.management@11.0.15
v  ~StubRoutines::call_stub
V  [libjvm.so+0x8d6deb]  JavaCalls::call_helper(JavaValue*, methodHandle const&, JavaCallArguments*, Thread*)+0x39b
V  [libjvm.so+0x8a909e]  InstanceKlass::call_class_initializer(Thread*)+0x22e
V  [libjvm.so+0x8a95b8]  InstanceKlass::initialize_impl(Thread*)+0x3c8
V  [libjvm.so+0xabd4d0]  LinkResolver::resolve_static_call(CallInfo&, LinkInfo const&, bool, Thread*)+0x610
V  [libjvm.so+0xabf255]  LinkResolver::resolve_invoke(CallInfo&, Handle, constantPoolHandle const&, int, Bytecodes::Code, Thread*)+0x385
V  [libjvm.so+0x8cc676]  InterpreterRuntime::resolve_invoke(JavaThread*, Bytecodes::Code)+0x2e6
V  [libjvm.so+0x8cd565]  InterpreterRuntime::resolve_from_cache(JavaThread*, Bytecodes::Code)+0x165
j  java.lang.management.ManagementFactory.getPlatformMXBean(Ljava/lang/Class;)Ljava/lang/management/PlatformManagedObject;+1 java.management@11.0.15
j  java.lang.management.ManagementFactory.getRuntimeMXBean()Ljava/lang/management/RuntimeMXBean;+2 java.management@11.0.15
j  org.springframework.boot.system.ApplicationPid.getPid()Ljava/lang/String;+0
j  org.springframework.boot.system.ApplicationPid.<init>()V+6
j  org.springframework.boot.logging.LoggingSystemProperties.apply(Lorg/springframework/boot/logging/LogFile;Lorg/springframework/core/env/PropertyResolver;)V+16
j  org.springframework.boot.logging.logback.LogbackLoggingSystemProperties.apply(Lorg/springframework/boot/logging/LogFile;Lorg/springframework/core/env/PropertyResolver;)V+3
j  org.springframework.boot.logging.LoggingSystemProperties.apply(Lorg/springframework/boot/logging/LogFile;)V+8
j  org.springframework.boot.logging.LoggingSystemProperties.apply()V+2
j  org.springframework.boot.context.logging.LoggingApplicationListener.initialize(Lorg/springframework/core/env/ConfigurableEnvironment;Ljava/lang/ClassLoader;)V+5
j  org.springframework.boot.context.logging.LoggingApplicationListener.onApplicationEnvironmentPreparedEvent(Lorg/springframework/boot/context/event/ApplicationEnvironmentPreparedEvent;)V+32
j  org.springframework.boot.context.logging.LoggingApplicationListener.onApplicationEvent(Lorg/springframework/context/ApplicationEvent;)V+30
j  org.springframework.context.event.SimpleApplicationEventMulticaster.doInvokeListener(Lorg/springframework/context/ApplicationListener;Lorg/springframework/context/ApplicationEvent;)V+2
j  org.springframework.context.event.SimpleApplicationEventMulticaster.invokeListener(Lorg/springframework/context/ApplicationListener;Lorg/springframework/context/ApplicationEvent;)V+34
j  org.springframework.context.event.SimpleApplicationEventMulticaster.multicastEvent(Lorg/springframework/context/ApplicationEvent;Lorg/springframework/core/ResolvableType;)V+83
j  org.springframework.context.event.SimpleApplicationEventMulticaster.multicastEvent(Lorg/springframework/context/ApplicationEvent;)V+7
j  org.springframework.boot.context.event.EventPublishingRunListener.environmentPrepared(Lorg/springframework/boot/ConfigurableBootstrapContext;Lorg/springframework/core/env/ConfigurableEnvironment;)V+21
j  org.springframework.boot.SpringApplicationRunListeners.lambda$environmentPrepared$2(Lorg/springframework/boot/ConfigurableBootstrapContext;Lorg/springframework/core/env/ConfigurableEnvironment;Lorg/springframework/boot/SpringApplicationRunListener;)V+3
j  org.springframework.boot.SpringApplicationRunListeners$$Lambda$68.accept(Ljava/lang/Object;)V+12
j  java.util.ArrayList.forEach(Ljava/util/function/Consumer;)V+46 java.base@11.0.15
j  org.springframework.boot.SpringApplicationRunListeners.doWithListeners(Ljava/lang/String;Ljava/util/function/Consumer;Ljava/util/function/Consumer;)V+17
j  org.springframework.boot.SpringApplicationRunListeners.doWithListeners(Ljava/lang/String;Ljava/util/function/Consumer;)V+4
j  org.springframework.boot.SpringApplicationRunListeners.environmentPrepared(Lorg/springframework/boot/ConfigurableBootstrapContext;Lorg/springframework/core/env/ConfigurableEnvironment;)V+10
j  org.springframework.boot.SpringApplication.prepareEnvironment(Lorg/springframework/boot/SpringApplicationRunListeners;Lorg/springframework/boot/DefaultBootstrapContext;Lorg/springframework/boot/ApplicationArguments;)Lorg/springframework/core/env/ConfigurableEnvironment;+27
j  org.springframework.boot.SpringApplication.run([Ljava/lang/String;)Lorg/springframework/context/ConfigurableApplicationContext;+52
j  org.springframework.boot.SpringApplication.run([Ljava/lang/Class;[Ljava/lang/String;)Lorg/springframework/context/ConfigurableApplicationContext;+9
j  org.springframework.boot.SpringApplication.run(Ljava/lang/Class;[Ljava/lang/String;)Lorg/springframework/context/ConfigurableApplicationContext;+9
j  software.robsoncassiano.learn.dsmovie.DsmovieApplication.main([Ljava/lang/String;)V+3
v  ~StubRoutines::call_stub
V  [libjvm.so+0x8d6deb]  JavaCalls::call_helper(JavaValue*, methodHandle const&, JavaCallArguments*, Thread*)+0x39b
V  [libjvm.so+0xd123cd]  invoke(InstanceKlass*, methodHandle const&, Handle, bool, objArrayHandle, BasicType, objArrayHandle, bool, Thread*) [clone .constprop.139]+0x43d
V  [libjvm.so+0xd13402]  Reflection::invoke_method(oopDesc*, Handle, objArrayHandle, Thread*)+0x102
V  [libjvm.so+0x987e68]  JVM_InvokeMethod+0xf8
j  jdk.internal.reflect.NativeMethodAccessorImpl.invoke0(Ljava/lang/reflect/Method;Ljava/lang/Object;[Ljava/lang/Object;)Ljava/lang/Object;+0 java.base@11.0.15
j  jdk.internal.reflect.NativeMethodAccessorImpl.invoke(Ljava/lang/Object;[Ljava/lang/Object;)Ljava/lang/Object;+100 java.base@11.0.15
j  jdk.internal.reflect.DelegatingMethodAccessorImpl.invoke(Ljava/lang/Object;[Ljava/lang/Object;)Ljava/lang/Object;+6 java.base@11.0.15
j  java.lang.reflect.Method.invoke(Ljava/lang/Object;[Ljava/lang/Object;)Ljava/lang/Object;+59 java.base@11.0.15
j  org.springframework.boot.loader.MainMethodRunner.run()V+49
j  org.springframework.boot.loader.Launcher.launch([Ljava/lang/String;Ljava/lang/String;Ljava/lang/ClassLoader;)V+14
j  org.springframework.boot.loader.Launcher.launch([Ljava/lang/String;)V+52
j  org.springframework.boot.loader.JarLauncher.main([Ljava/lang/String;)V+8
v  ~StubRoutines::call_stub
V  [libjvm.so+0x8d6deb]  JavaCalls::call_helper(JavaValue*, methodHandle const&, JavaCallArguments*, Thread*)+0x39b
V  [libjvm.so+0x953efd]  jni_invoke_static(JNIEnv_*, JavaValue*, _jobject*, JNICallType, _jmethodID*, JNI_ArgumentPusher*, Thread*) [clone .isra.71] [clone .constprop.342]+0x2bd
V  [libjvm.so+0x959205]  jni_CallStaticVoidMethod+0x155
C  [libjli.so+0xb15a]  JavaMain+0xd5a
C  [libjli.so+0xebc9]  ThreadJavaMain+0x9

Java frames: (J=compiled Java code, j=interpreted, Vv=VM code)
j  java.lang.management.ManagementFactory$PlatformMBeanFinder.lambda$static$0()Ljava/util/List;+8 java.management@11.0.15
j  java.lang.management.ManagementFactory$PlatformMBeanFinder$$Lambda$172.run()Ljava/lang/Object;+0 java.management@11.0.15
v  ~StubRoutines::call_stub
j  java.security.AccessController.doPrivileged(Ljava/security/PrivilegedAction;Ljava/security/AccessControlContext;)Ljava/lang/Object;+0 java.base@11.0.15
j  java.security.AccessController.doPrivileged(Ljava/security/PrivilegedAction;Ljava/security/AccessControlContext;[Ljava/security/Permission;)Ljava/lang/Object;+48 java.base@11.0.15
j  java.lang.management.ManagementFactory$PlatformMBeanFinder.<clinit>()V+36 java.management@11.0.15
v  ~StubRoutines::call_stub
j  java.lang.management.ManagementFactory.getPlatformMXBean(Ljava/lang/Class;)Ljava/lang/management/PlatformManagedObject;+1 java.management@11.0.15
j  java.lang.management.ManagementFactory.getRuntimeMXBean()Ljava/lang/management/RuntimeMXBean;+2 java.management@11.0.15
j  org.springframework.boot.system.ApplicationPid.getPid()Ljava/lang/String;+0
j  org.springframework.boot.system.ApplicationPid.<init>()V+6
j  org.springframework.boot.logging.LoggingSystemProperties.apply(Lorg/springframework/boot/logging/LogFile;Lorg/springframework/core/env/PropertyResolver;)V+16
j  org.springframework.boot.logging.logback.LogbackLoggingSystemProperties.apply(Lorg/springframework/boot/logging/LogFile;Lorg/springframework/core/env/PropertyResolver;)V+3
j  org.springframework.boot.logging.LoggingSystemProperties.apply(Lorg/springframework/boot/logging/LogFile;)V+8
j  org.springframework.boot.logging.LoggingSystemProperties.apply()V+2
j  org.springframework.boot.context.logging.LoggingApplicationListener.initialize(Lorg/springframework/core/env/ConfigurableEnvironment;Ljava/lang/ClassLoader;)V+5
j  org.springframework.boot.context.logging.LoggingApplicationListener.onApplicationEnvironmentPreparedEvent(Lorg/springframework/boot/context/event/ApplicationEnvironmentPreparedEvent;)V+32
j  org.springframework.boot.context.logging.LoggingApplicationListener.onApplicationEvent(Lorg/springframework/context/ApplicationEvent;)V+30
j  org.springframework.context.event.SimpleApplicationEventMulticaster.doInvokeListener(Lorg/springframework/context/ApplicationListener;Lorg/springframework/context/ApplicationEvent;)V+2
j  org.springframework.context.event.SimpleApplicationEventMulticaster.invokeListener(Lorg/springframework/context/ApplicationListener;Lorg/springframework/context/ApplicationEvent;)V+34
j  org.springframework.context.event.SimpleApplicationEventMulticaster.multicastEvent(Lorg/springframework/context/ApplicationEvent;Lorg/springframework/core/ResolvableType;)V+83
j  org.springframework.context.event.SimpleApplicationEventMulticaster.multicastEvent(Lorg/springframework/context/ApplicationEvent;)V+7
j  org.springframework.boot.context.event.EventPublishingRunListener.environmentPrepared(Lorg/springframework/boot/ConfigurableBootstrapContext;Lorg/springframework/core/env/ConfigurableEnvironment;)V+21
j  org.springframework.boot.SpringApplicationRunListeners.lambda$environmentPrepared$2(Lorg/springframework/boot/ConfigurableBootstrapContext;Lorg/springframework/core/env/ConfigurableEnvironment;Lorg/springframework/boot/SpringApplicationRunListener;)V+3
j  org.springframework.boot.SpringApplicationRunListeners$$Lambda$68.accept(Ljava/lang/Object;)V+12
j  java.util.ArrayList.forEach(Ljava/util/function/Consumer;)V+46 java.base@11.0.15
j  org.springframework.boot.SpringApplicationRunListeners.doWithListeners(Ljava/lang/String;Ljava/util/function/Consumer;Ljava/util/function/Consumer;)V+17
j  org.springframework.boot.SpringApplicationRunListeners.doWithListeners(Ljava/lang/String;Ljava/util/function/Consumer;)V+4
j  org.springframework.boot.SpringApplicationRunListeners.environmentPrepared(Lorg/springframework/boot/ConfigurableBootstrapContext;Lorg/springframework/core/env/ConfigurableEnvironment;)V+10
j  org.springframework.boot.SpringApplication.prepareEnvironment(Lorg/springframework/boot/SpringApplicationRunListeners;Lorg/springframework/boot/DefaultBootstrapContext;Lorg/springframework/boot/ApplicationArguments;)Lorg/springframework/core/env/ConfigurableEnvironment;+27
j  org.springframework.boot.SpringApplication.run([Ljava/lang/String;)Lorg/springframework/context/ConfigurableApplicationContext;+52
j  org.springframework.boot.SpringApplication.run([Ljava/lang/Class;[Ljava/lang/String;)Lorg/springframework/context/ConfigurableApplicationContext;+9
j  org.springframework.boot.SpringApplication.run(Ljava/lang/Class;[Ljava/lang/String;)Lorg/springframework/context/ConfigurableApplicationContext;+9
j  software.robsoncassiano.learn.dsmovie.DsmovieApplication.main([Ljava/lang/String;)V+3
v  ~StubRoutines::call_stub
j  jdk.internal.reflect.NativeMethodAccessorImpl.invoke0(Ljava/lang/reflect/Method;Ljava/lang/Object;[Ljava/lang/Object;)Ljava/lang/Object;+0 java.base@11.0.15
j  jdk.internal.reflect.NativeMethodAccessorImpl.invoke(Ljava/lang/Object;[Ljava/lang/Object;)Ljava/lang/Object;+100 java.base@11.0.15
j  jdk.internal.reflect.DelegatingMethodAccessorImpl.invoke(Ljava/lang/Object;[Ljava/lang/Object;)Ljava/lang/Object;+6 java.base@11.0.15
j  java.lang.reflect.Method.invoke(Ljava/lang/Object;[Ljava/lang/Object;)Ljava/lang/Object;+59 java.base@11.0.15
j  org.springframework.boot.loader.MainMethodRunner.run()V+49
j  org.springframework.boot.loader.Launcher.launch([Ljava/lang/String;Ljava/lang/String;Ljava/lang/ClassLoader;)V+14
j  org.springframework.boot.loader.Launcher.launch([Ljava/lang/String;)V+52
j  org.springframework.boot.loader.JarLauncher.main([Ljava/lang/String;)V+8
v  ~StubRoutines::call_stub

siginfo: si_signo: 11 (SIGSEGV), si_code: 2 (SEGV_ACCERR), si_addr: 0x00007f82629c38f8

Register to memory mapping:

RAX=0x00007f82629438c0 is pointing into metadata
RBX=0x00007f82501378a0 points into unknown readable memory: 0x00007f82aaa79078 | 78 90 a7 aa 82 7f 00 00
RCX=0x00007f82a903ab48 points into unknown readable memory: 0x654e8669ffff000b | 0b 00 ff ff 69 86 4e 65
RDX=0x00007f82aabbeec0: <offset 0x00000000015beec0> in /home/exit/.sdkman/candidates/java/11.0.15.9.1-amzn/lib/server/libjvm.so at 0x00007f82a9600000
RSP=0x00007f82a95139e0 is pointing into the stack for thread: 0x00007f82a4027000
RBP=0x00007f82a9513a90 is pointing into the stack for thread: 0x00007f82a4027000
RSI=0x0000000000002004 is an unknown value
RDI=0x00007f82629438c0 is pointing into metadata
R8 =0x000000000000ffff is an unknown value
R9 =0x0 is NULL
R10=0x00007f8262943e08 is pointing into metadata
R11=0x0 is NULL
R12=
[error occurred during error reporting (printing register info), id 0xb, SIGSEGV (0xb) at pc=0x00007f82a9daa040]

Registers:
RAX=0x00007f82629438c0, RBX=0x00007f82501378a0, RCX=0x00007f82a903ab48, RDX=0x00007f82aabbeec0
RSP=0x00007f82a95139e0, RBP=0x00007f82a9513a90, RSI=0x0000000000002004, RDI=0x00007f82629438c0
R8 =0x000000000000ffff, R9 =0x0000000000000000, R10=0x00007f8262943e08, R11=0x0000000000000000
R12=0x00000000ffffffff, R13=0x00007f82a4027000, R14=0x00007f82a9513d20, R15=0x0000000000000002
RIP=0x00007f82a9bfecd2, EFLAGS=0x0000000000010246, CSGSFS=0x002b000000000033, ERR=0x0000000000000004
  TRAPNO=0x000000000000000e

Top of Stack: (sp=0x00007f82a95139e0)
0x00007f82a95139e0:   00007f82501378a0 00002004a9513ad0
0x00007f82a95139f0:   00007f8250137868 0000000000000000
0x00007f82a9513a00:   0000010000000000 0000000000000000
0x00007f82a9513a10:   0000000000000000 0000000000000000 

Instructions: (pc=0x00007f82a9bfecd2)
0x00007f82a9bfebd2:   c7 85 68 ff ff ff 00 00 00 00 c7 85 78 ff ff ff
0x00007f82a9bfebe2:   00 00 00 00 48 c7 45 80 00 00 00 00 c7 45 90 00
0x00007f82a9bfebf2:   00 00 00 48 c7 45 88 00 00 00 00 c7 45 94 00 00
0x00007f82a9bfec02:   00 00 48 c7 45 98 00 00 00 00 c6 85 76 ff ff ff
0x00007f82a9bfec12:   00 c6 45 bc 00 c6 85 74 ff ff ff 00 c6 85 75 ff
0x00007f82a9bfec22:   ff ff 00 c6 45 b4 00 c6 45 be 00 66 41 c1 cf 08
0x00007f82a9bfec32:   66 0f 1f 44 00 00 66 45 85 ff 0f 84 fe 07 00 00
0x00007f82a9bfec42:   48 8b 43 10 48 2b 43 18 48 83 f8 05 0f 86 24 02
0x00007f82a9bfec52:   00 00 49 83 7d 08 00 0f 85 01 ff ff ff 48 8b 43
0x00007f82a9bfec62:   18 48 8d 50 02 44 0f b7 00 48 83 c0 06 66 41 c1
0x00007f82a9bfec72:   c8 08 48 89 53 18 44 8b 60 fc 41 0f b7 d0 48 89
0x00007f82a9bfec82:   43 18 49 8b 7e 48 41 0f cc 3b 57 34 0f 8c cc 02
0x00007f82a9bfec92:   00 00 41 80 be a8 01 00 00 00 74 1a 48 8d 35 f3
0x00007f82a9bfeca2:   f4 9e 00 4c 89 e9 4c 89 f7 44 89 45 c0 e8 6c 62
0x00007f82a9bfecb2:   ff ff 44 8b 45 c0 49 83 7d 08 00 0f 85 9d fe ff
0x00007f82a9bfecc2:   ff 48 8b 45 c8 48 8d 15 f2 01 fc 00 45 0f b7 c0
0x00007f82a9bfecd2:   4a 8b 4c c0 40 48 3b 8a b0 02 00 00 0f 84 ac 01
0x00007f82a9bfece2:   00 00 48 3b 8a 20 03 00 00 0f 84 9f 02 00 00 48
0x00007f82a9bfecf2:   3b 8a b8 02 00 00 0f 84 12 03 00 00 48 3b 8a 10
0x00007f82a9bfed02:   03 00 00 0f 84 55 03 00 00 48 3b 8a 18 03 00 00
0x00007f82a9bfed12:   0f 84 58 05 00 00 41 0f b7 b6 9c 01 00 00 66 83
0x00007f82a9bfed22:   fe 30 0f 86 9e 05 00 00 48 3b 8a 28 03 00 00 0f
0x00007f82a9bfed32:   84 51 06 00 00 48 3b 8a 30 03 00 00 0f 84 bc 05
0x00007f82a9bfed42:   00 00 48 3b 8a 38 03 00 00 0f 84 ef 07 00 00 48
0x00007f82a9bfed52:   3b 8a 68 03 00 00 0f 84 02 0d 00 00 48 39 8a 70
0x00007f82a9bfed62:   03 00 00 40 0f 94 c7 66 83 fe 32 0f 97 c0 40 20
0x00007f82a9bfed72:   f8 0f 85 0e 0f 00 00 48 3b 8a 58 03 00 00 0f 84
0x00007f82a9bfed82:   7a 0e 00 00 48 3b 8a 60 03 00 00 0f 84 6d 0c 00
0x00007f82a9bfed92:   00 66 83 fe 36 0f 86 2b 05 00 00 48 3b 8a c0 02
0x00007f82a9bfeda2:   00 00 0f 84 18 10 00 00 48 3b 8a c8 02 00 00 0f
0x00007f82a9bfedb2:   85 11 05 00 00 80 bd 74 ff ff ff 00 0f 85 0c 11
0x00007f82a9bfedc2:   00 00 80 bd 75 ff ff ff 00 0f 85 dd 10 00 00 41 


Stack slot to memory mapping:
stack at sp + 0 slots: 0x00007f82501378a0 points into unknown readable memory: 0x00007f82aaa79078 | 78 90 a7 aa 82 7f 00 00
stack at sp + 1 slots: 0x00002004a9513ad0 is an unknown value
stack at sp + 2 slots: 0x00007f8250137868 points into unknown readable memory: 0x00000e000c000100 | 00 01 00 0c 00 0e 00 00
stack at sp + 3 slots: 0x0 is NULL
stack at sp + 4 slots: 0x0000010000000000 is an unknown value
stack at sp + 5 slots: 0x0 is NULL
stack at sp + 6 slots: 0x0 is NULL
stack at sp + 7 slots: 0x0 is NULL


---------------  P R O C E S S  ---------------

Threads class SMR info:
_java_thread_list=0x00007f8254551460, length=10, elements={
0x00007f82a4027000, 0x00007f82a41cf000, 0x00007f82a41d3000, 0x00007f82a41ea800,
0x00007f82a41ec800, 0x00007f82a41ee800, 0x00007f82a41f0800, 0x00007f82a41f3000,
0x00007f82a42b2000, 0x00007f8254550800
}

Java Threads: ( => current thread )
=>0x00007f82a4027000 JavaThread "main" [_thread_in_vm, id=1149, stack(0x00007f82a9419000,0x00007f82a9519000)]
  0x00007f82a41cf000 JavaThread "Reference Handler" daemon [_thread_blocked, id=1156, stack(0x00007f8280566000,0x00007f8280666000)]
  0x00007f82a41d3000 JavaThread "Finalizer" daemon [_thread_blocked, id=1157, stack(0x00007f8280466000,0x00007f8280566000)]
  0x00007f82a41ea800 JavaThread "Signal Dispatcher" daemon [_thread_blocked, id=1158, stack(0x00007f828007d000,0x00007f828017d000)]
  0x00007f82a41ec800 JavaThread "Service Thread" daemon [_thread_blocked, id=1159, stack(0x00007f8263f00000,0x00007f8264000000)]
  0x00007f82a41ee800 JavaThread "C2 CompilerThread0" daemon [_thread_blocked, id=1160, stack(0x00007f8263e00000,0x00007f8263f00000)]
  0x00007f82a41f0800 JavaThread "C1 CompilerThread0" daemon [_thread_blocked, id=1161, stack(0x00007f8263d00000,0x00007f8263e00000)]
  0x00007f82a41f3000 JavaThread "Sweeper thread" daemon [_thread_blocked, id=1162, stack(0x00007f8263c00000,0x00007f8263d00000)]
  0x00007f82a42b2000 JavaThread "Common-Cleaner" daemon [_thread_blocked, id=1164, stack(0x00007f82639fe000,0x00007f8263afe000)]
  0x00007f8254550800 JavaThread "C2 CompilerThread1" daemon [_thread_blocked, id=1169, stack(0x00007f82638fe000,0x00007f82639fe000)]

Other Threads:
  0x00007f82a41c6800 VMThread "VM Thread" [stack: 0x00007f8280668000,0x00007f8280768000] [id=1155]
  0x00007f82a42ab800 WatcherThread [stack: 0x00007f8263b00000,0x00007f8263c00000] [id=1163]
  0x00007f82a4040800 GCTaskThread "GC Thread#0" [stack: 0x00007f82a8900000,0x00007f82a8a00000] [id=1150]
  0x00007f8270001000 GCTaskThread "GC Thread#1" [stack: 0x00007f8262f00000,0x00007f8263000000] [id=1167]
  0x00007f82a4072000 ConcurrentGCThread "G1 Main Marker" [stack: 0x00007f828c03e000,0x00007f828c13e000] [id=1151]
  0x00007f82a4073800 ConcurrentGCThread "G1 Conc#0" [stack: 0x00007f8283976000,0x00007f8283a76000] [id=1152]
  0x00007f82a40fc800 ConcurrentGCThread "G1 Refine#0" [stack: 0x00007f828106c000,0x00007f828116c000] [id=1153]
  0x00007f82a40fe800 ConcurrentGCThread "G1 Young RemSet Sampling" [stack: 0x00007f8280f6a000,0x00007f828106a000] [id=1154]

Threads with active compile tasks:

VM state:not at safepoint (normal execution)

VM Mutex/Monitor currently owned by a thread: None

Heap address: 0x0000000084600000, size: 1978 MB, Compressed Oops mode: 32-bit
Narrow klass base: 0x0000000000000000, Narrow klass shift: 3
Compressed class space size: 1073741824 Address: 0x0000000100000000

Heap:
 garbage-first heap   total 126976K, used 49794K [0x0000000084600000, 0x0000000100000000)
  region size 1024K, 50 young (51200K), 3 survivors (3072K)
 Metaspace       used 16011K, capacity 16425K, committed 16640K, reserved 1064960K
  class space    used 1626K, capacity 1788K, committed 1792K, reserved 1048576K
Heap Regions: E=young(eden), S=young(survivor), O=old, HS=humongous(starts), HC=humongous(continues), CS=collection set, F=free, A=archive, TAMS=top-at-mark-start (previous, next)
|   0|0x0000000084600000, 0x0000000084600000, 0x0000000084700000|  0%| F|  |TAMS 0x0000000084600000, 0x0000000084600000| Untracked 
|   1|0x0000000084700000, 0x0000000084700000, 0x0000000084800000|  0%| F|  |TAMS 0x0000000084700000, 0x0000000084700000| Untracked 
|   2|0x0000000084800000, 0x0000000084800000, 0x0000000084900000|  0%| F|  |TAMS 0x0000000084800000, 0x0000000084800000| Untracked 
|   3|0x0000000084900000, 0x0000000084900000, 0x0000000084a00000|  0%| F|  |TAMS 0x0000000084900000, 0x0000000084900000| Untracked 
|   4|0x0000000084a00000, 0x0000000084a00000, 0x0000000084b00000|  0%| F|  |TAMS 0x0000000084a00000, 0x0000000084a00000| Untracked 
|   5|0x0000000084b00000, 0x0000000084b00000, 0x0000000084c00000|  0%| F|  |TAMS 0x0000000084b00000, 0x0000000084b00000| Untracked 
|   6|0x0000000084c00000, 0x0000000084c00000, 0x0000000084d00000|  0%| F|  |TAMS 0x0000000084c00000, 0x0000000084c00000| Untracked 
|   7|0x0000000084d00000, 0x0000000084d00000, 0x0000000084e00000|  0%| F|  |TAMS 0x0000000084d00000, 0x0000000084d00000| Untracked 
|   8|0x0000000084e00000, 0x0000000084e00000, 0x0000000084f00000|  0%| F|  |TAMS 0x0000000084e00000, 0x0000000084e00000| Untracked 
|   9|0x0000000084f00000, 0x0000000084f00000, 0x0000000085000000|  0%| F|  |TAMS 0x0000000084f00000, 0x0000000084f00000| Untracked 
|  10|0x0000000085000000, 0x0000000085000000, 0x0000000085100000|  0%| F|  |TAMS 0x0000000085000000, 0x0000000085000000| Untracked 
|  11|0x0000000085100000, 0x0000000085100000, 0x0000000085200000|  0%| F|  |TAMS 0x0000000085100000, 0x0000000085100000| Untracked 
|  12|0x0000000085200000, 0x0000000085200000, 0x0000000085300000|  0%| F|  |TAMS 0x0000000085200000, 0x0000000085200000| Untracked 
|  13|0x0000000085300000, 0x0000000085300000, 0x0000000085400000|  0%| F|  |TAMS 0x0000000085300000, 0x0000000085300000| Untracked 
|  14|0x0000000085400000, 0x0000000085400000, 0x0000000085500000|  0%| F|  |TAMS 0x0000000085400000, 0x0000000085400000| Untracked 
|  15|0x0000000085500000, 0x0000000085500000, 0x0000000085600000|  0%| F|  |TAMS 0x0000000085500000, 0x0000000085500000| Untracked 
|  16|0x0000000085600000, 0x0000000085600000, 0x0000000085700000|  0%| F|  |TAMS 0x0000000085600000, 0x0000000085600000| Untracked 
|  17|0x0000000085700000, 0x0000000085700000, 0x0000000085800000|  0%| F|  |TAMS 0x0000000085700000, 0x0000000085700000| Untracked 
|  18|0x0000000085800000, 0x0000000085800000, 0x0000000085900000|  0%| F|  |TAMS 0x0000000085800000, 0x0000000085800000| Untracked 
|  19|0x0000000085900000, 0x0000000085900000, 0x0000000085a00000|  0%| F|  |TAMS 0x0000000085900000, 0x0000000085900000| Untracked 
|  20|0x0000000085a00000, 0x0000000085a00000, 0x0000000085b00000|  0%| F|  |TAMS 0x0000000085a00000, 0x0000000085a00000| Untracked 
|  21|0x0000000085b00000, 0x0000000085b00000, 0x0000000085c00000|  0%| F|  |TAMS 0x0000000085b00000, 0x0000000085b00000| Untracked 
|  22|0x0000000085c00000, 0x0000000085c00000, 0x0000000085d00000|  0%| F|  |TAMS 0x0000000085c00000, 0x0000000085c00000| Untracked 
|  23|0x0000000085d00000, 0x0000000085d00000, 0x0000000085e00000|  0%| F|  |TAMS 0x0000000085d00000, 0x0000000085d00000| Untracked 
|  24|0x0000000085e00000, 0x0000000085e00000, 0x0000000085f00000|  0%| F|  |TAMS 0x0000000085e00000, 0x0000000085e00000| Untracked 
|  25|0x0000000085f00000, 0x0000000085f00000, 0x0000000086000000|  0%| F|  |TAMS 0x0000000085f00000, 0x0000000085f00000| Untracked 
|  26|0x0000000086000000, 0x0000000086000000, 0x0000000086100000|  0%| F|  |TAMS 0x0000000086000000, 0x0000000086000000| Untracked 
|  27|0x0000000086100000, 0x0000000086100000, 0x0000000086200000|  0%| F|  |TAMS 0x0000000086100000, 0x0000000086100000| Untracked 
|  28|0x0000000086200000, 0x0000000086200000, 0x0000000086300000|  0%| F|  |TAMS 0x0000000086200000, 0x0000000086200000| Untracked 
|  29|0x0000000086300000, 0x0000000086300000, 0x0000000086400000|  0%| F|  |TAMS 0x0000000086300000, 0x0000000086300000| Untracked 
|  30|0x0000000086400000, 0x0000000086400000, 0x0000000086500000|  0%| F|  |TAMS 0x0000000086400000, 0x0000000086400000| Untracked 
|  31|0x0000000086500000, 0x0000000086500000, 0x0000000086600000|  0%| F|  |TAMS 0x0000000086500000, 0x0000000086500000| Untracked 
|  32|0x0000000086600000, 0x0000000086600000, 0x0000000086700000|  0%| F|  |TAMS 0x0000000086600000, 0x0000000086600000| Untracked 
|  33|0x0000000086700000, 0x0000000086700000, 0x0000000086800000|  0%| F|  |TAMS 0x0000000086700000, 0x0000000086700000| Untracked 
|  34|0x0000000086800000, 0x0000000086800000, 0x0000000086900000|  0%| F|  |TAMS 0x0000000086800000, 0x0000000086800000| Untracked 
|  35|0x0000000086900000, 0x0000000086900000, 0x0000000086a00000|  0%| F|  |TAMS 0x0000000086900000, 0x0000000086900000| Untracked 
|  36|0x0000000086a00000, 0x0000000086a00000, 0x0000000086b00000|  0%| F|  |TAMS 0x0000000086a00000, 0x0000000086a00000| Untracked 
|  37|0x0000000086b00000, 0x0000000086b00000, 0x0000000086c00000|  0%| F|  |TAMS 0x0000000086b00000, 0x0000000086b00000| Untracked 
|  38|0x0000000086c00000, 0x0000000086c00000, 0x0000000086d00000|  0%| F|  |TAMS 0x0000000086c00000, 0x0000000086c00000| Untracked 
|  39|0x0000000086d00000, 0x0000000086d00000, 0x0000000086e00000|  0%| F|  |TAMS 0x0000000086d00000, 0x0000000086d00000| Untracked 
|  40|0x0000000086e00000, 0x0000000086e00000, 0x0000000086f00000|  0%| F|  |TAMS 0x0000000086e00000, 0x0000000086e00000| Untracked 
|  41|0x0000000086f00000, 0x0000000086f00000, 0x0000000087000000|  0%| F|  |TAMS 0x0000000086f00000, 0x0000000086f00000| Untracked 
|  42|0x0000000087000000, 0x0000000087000000, 0x0000000087100000|  0%| F|  |TAMS 0x0000000087000000, 0x0000000087000000| Untracked 
|  43|0x0000000087100000, 0x0000000087100000, 0x0000000087200000|  0%| F|  |TAMS 0x0000000087100000, 0x0000000087100000| Untracked 
|  44|0x0000000087200000, 0x0000000087200000, 0x0000000087300000|  0%| F|  |TAMS 0x0000000087200000, 0x0000000087200000| Untracked 
|  45|0x0000000087300000, 0x0000000087300000, 0x0000000087400000|  0%| F|  |TAMS 0x0000000087300000, 0x0000000087300000| Untracked 
|  46|0x0000000087400000, 0x0000000087400000, 0x0000000087500000|  0%| F|  |TAMS 0x0000000087400000, 0x0000000087400000| Untracked 
|  47|0x0000000087500000, 0x0000000087500000, 0x0000000087600000|  0%| F|  |TAMS 0x0000000087500000, 0x0000000087500000| Untracked 
|  48|0x0000000087600000, 0x0000000087600000, 0x0000000087700000|  0%| F|  |TAMS 0x0000000087600000, 0x0000000087600000| Untracked 
|  49|0x0000000087700000, 0x0000000087700000, 0x0000000087800000|  0%| F|  |TAMS 0x0000000087700000, 0x0000000087700000| Untracked 
|  50|0x0000000087800000, 0x0000000087800000, 0x0000000087900000|  0%| F|  |TAMS 0x0000000087800000, 0x0000000087800000| Untracked 
|  51|0x0000000087900000, 0x0000000087900000, 0x0000000087a00000|  0%| F|  |TAMS 0x0000000087900000, 0x0000000087900000| Untracked 
|  52|0x0000000087a00000, 0x0000000087a00000, 0x0000000087b00000|  0%| F|  |TAMS 0x0000000087a00000, 0x0000000087a00000| Untracked 
|  53|0x0000000087b00000, 0x0000000087b00000, 0x0000000087c00000|  0%| F|  |TAMS 0x0000000087b00000, 0x0000000087b00000| Untracked 
|  54|0x0000000087c00000, 0x0000000087c00000, 0x0000000087d00000|  0%| F|  |TAMS 0x0000000087c00000, 0x0000000087c00000| Untracked 
|  55|0x0000000087d00000, 0x0000000087d00000, 0x0000000087e00000|  0%| F|  |TAMS 0x0000000087d00000, 0x0000000087d00000| Untracked 
|  56|0x0000000087e00000, 0x0000000087e00000, 0x0000000087f00000|  0%| F|  |TAMS 0x0000000087e00000, 0x0000000087e00000| Untracked 
|  57|0x0000000087f00000, 0x0000000087f00000, 0x0000000088000000|  0%| F|  |TAMS 0x0000000087f00000, 0x0000000087f00000| Untracked 
|  58|0x0000000088000000, 0x0000000088000000, 0x0000000088100000|  0%| F|  |TAMS 0x0000000088000000, 0x0000000088000000| Untracked 
|  59|0x0000000088100000, 0x0000000088100000, 0x0000000088200000|  0%| F|  |TAMS 0x0000000088100000, 0x0000000088100000| Untracked 
|  60|0x0000000088200000, 0x0000000088200000, 0x0000000088300000|  0%| F|  |TAMS 0x0000000088200000, 0x0000000088200000| Untracked 
|  61|0x0000000088300000, 0x0000000088300000, 0x0000000088400000|  0%| F|  |TAMS 0x0000000088300000, 0x0000000088300000| Untracked 
|  62|0x0000000088400000, 0x0000000088400000, 0x0000000088500000|  0%| F|  |TAMS 0x0000000088400000, 0x0000000088400000| Untracked 
|  63|0x0000000088500000, 0x0000000088500000, 0x0000000088600000|  0%| F|  |TAMS 0x0000000088500000, 0x0000000088500000| Untracked 
|  64|0x0000000088600000, 0x0000000088600000, 0x0000000088700000|  0%| F|  |TAMS 0x0000000088600000, 0x0000000088600000| Untracked 
|  65|0x0000000088700000, 0x0000000088700000, 0x0000000088800000|  0%| F|  |TAMS 0x0000000088700000, 0x0000000088700000| Untracked 
|  66|0x0000000088800000, 0x0000000088800000, 0x0000000088900000|  0%| F|  |TAMS 0x0000000088800000, 0x0000000088800000| Untracked 
|  67|0x0000000088900000, 0x0000000088900000, 0x0000000088a00000|  0%| F|  |TAMS 0x0000000088900000, 0x0000000088900000| Untracked 
|  68|0x0000000088a00000, 0x0000000088a00000, 0x0000000088b00000|  0%| F|  |TAMS 0x0000000088a00000, 0x0000000088a00000| Untracked 
|  69|0x0000000088b00000, 0x0000000088b00000, 0x0000000088c00000|  0%| F|  |TAMS 0x0000000088b00000, 0x0000000088b00000| Untracked 
|  70|0x0000000088c00000, 0x0000000088c00000, 0x0000000088d00000|  0%| F|  |TAMS 0x0000000088c00000, 0x0000000088c00000| Untracked 
|  71|0x0000000088d00000, 0x0000000088d00000, 0x0000000088e00000|  0%| F|  |TAMS 0x0000000088d00000, 0x0000000088d00000| Untracked 
|  72|0x0000000088e00000, 0x0000000088e00000, 0x0000000088f00000|  0%| F|  |TAMS 0x0000000088e00000, 0x0000000088e00000| Untracked 
|  73|0x0000000088f00000, 0x0000000088f00000, 0x0000000089000000|  0%| F|  |TAMS 0x0000000088f00000, 0x0000000088f00000| Untracked 
|  74|0x0000000089000000, 0x0000000089100000, 0x0000000089100000|100%| E|  |TAMS 0x0000000089000000, 0x0000000089000000| Complete 
|  75|0x0000000089100000, 0x0000000089200000, 0x0000000089200000|100%| E|CS|TAMS 0x0000000089100000, 0x0000000089100000| Complete 
|  76|0x0000000089200000, 0x0000000089300000, 0x0000000089300000|100%| E|CS|TAMS 0x0000000089200000, 0x0000000089200000| Complete 
|  77|0x0000000089300000, 0x0000000089400000, 0x0000000089400000|100%| E|CS|TAMS 0x0000000089300000, 0x0000000089300000| Complete 
|  78|0x0000000089400000, 0x0000000089500000, 0x0000000089500000|100%| E|CS|TAMS 0x0000000089400000, 0x0000000089400000| Complete 
|  79|0x0000000089500000, 0x0000000089600000, 0x0000000089600000|100%| E|CS|TAMS 0x0000000089500000, 0x0000000089500000| Complete 
|  80|0x0000000089600000, 0x0000000089700000, 0x0000000089700000|100%| E|CS|TAMS 0x0000000089600000, 0x0000000089600000| Complete 
|  81|0x0000000089700000, 0x0000000089800000, 0x0000000089800000|100%| E|CS|TAMS 0x0000000089700000, 0x0000000089700000| Complete 
|  82|0x0000000089800000, 0x0000000089900000, 0x0000000089900000|100%| E|CS|TAMS 0x0000000089800000, 0x0000000089800000| Complete 
|  83|0x0000000089900000, 0x0000000089a00000, 0x0000000089a00000|100%| E|CS|TAMS 0x0000000089900000, 0x0000000089900000| Complete 
|  84|0x0000000089a00000, 0x0000000089b00000, 0x0000000089b00000|100%| E|CS|TAMS 0x0000000089a00000, 0x0000000089a00000| Complete 
|  85|0x0000000089b00000, 0x0000000089c00000, 0x0000000089c00000|100%| E|CS|TAMS 0x0000000089b00000, 0x0000000089b00000| Complete 
|  86|0x0000000089c00000, 0x0000000089d00000, 0x0000000089d00000|100%| E|CS|TAMS 0x0000000089c00000, 0x0000000089c00000| Complete 
|  87|0x0000000089d00000, 0x0000000089e00000, 0x0000000089e00000|100%| E|CS|TAMS 0x0000000089d00000, 0x0000000089d00000| Complete 
|  88|0x0000000089e00000, 0x0000000089f00000, 0x0000000089f00000|100%| E|CS|TAMS 0x0000000089e00000, 0x0000000089e00000| Complete 
|  89|0x0000000089f00000, 0x000000008a000000, 0x000000008a000000|100%| E|CS|TAMS 0x0000000089f00000, 0x0000000089f00000| Complete 
|  90|0x000000008a000000, 0x000000008a100000, 0x000000008a100000|100%| E|CS|TAMS 0x000000008a000000, 0x000000008a000000| Complete 
|  91|0x000000008a100000, 0x000000008a200000, 0x000000008a200000|100%| E|CS|TAMS 0x000000008a100000, 0x000000008a100000| Complete 
|  92|0x000000008a200000, 0x000000008a300000, 0x000000008a300000|100%| E|CS|TAMS 0x000000008a200000, 0x000000008a200000| Complete 
|  93|0x000000008a300000, 0x000000008a400000, 0x000000008a400000|100%| E|CS|TAMS 0x000000008a300000, 0x000000008a300000| Complete 
|  94|0x000000008a400000, 0x000000008a500000, 0x000000008a500000|100%| E|CS|TAMS 0x000000008a400000, 0x000000008a400000| Complete 
|  95|0x000000008a500000, 0x000000008a600000, 0x000000008a600000|100%| E|CS|TAMS 0x000000008a500000, 0x000000008a500000| Complete 
|  96|0x000000008a600000, 0x000000008a700000, 0x000000008a700000|100%| E|CS|TAMS 0x000000008a600000, 0x000000008a600000| Complete 
|  97|0x000000008a700000, 0x000000008a7a0858, 0x000000008a800000| 62%| S|CS|TAMS 0x000000008a700000, 0x000000008a700000| Complete 
|  98|0x000000008a800000, 0x000000008a900000, 0x000000008a900000|100%| S|CS|TAMS 0x000000008a800000, 0x000000008a800000| Complete 
|  99|0x000000008a900000, 0x000000008aa00000, 0x000000008aa00000|100%| S|CS|TAMS 0x000000008a900000, 0x000000008a900000| Complete 
| 100|0x000000008aa00000, 0x000000008ab00000, 0x000000008ab00000|100%| E|CS|TAMS 0x000000008aa00000, 0x000000008aa00000| Complete 
| 101|0x000000008ab00000, 0x000000008ac00000, 0x000000008ac00000|100%| E|CS|TAMS 0x000000008ab00000, 0x000000008ab00000| Complete 
| 102|0x000000008ac00000, 0x000000008ad00000, 0x000000008ad00000|100%| E|CS|TAMS 0x000000008ac00000, 0x000000008ac00000| Complete 
| 103|0x000000008ad00000, 0x000000008ae00000, 0x000000008ae00000|100%| E|CS|TAMS 0x000000008ad00000, 0x000000008ad00000| Complete 
| 104|0x000000008ae00000, 0x000000008af00000, 0x000000008af00000|100%| E|CS|TAMS 0x000000008ae00000, 0x000000008ae00000| Complete 
| 105|0x000000008af00000, 0x000000008b000000, 0x000000008b000000|100%| E|CS|TAMS 0x000000008af00000, 0x000000008af00000| Complete 
| 106|0x000000008b000000, 0x000000008b100000, 0x000000008b100000|100%| E|CS|TAMS 0x000000008b000000, 0x000000008b000000| Complete 
| 107|0x000000008b100000, 0x000000008b200000, 0x000000008b200000|100%| E|CS|TAMS 0x000000008b100000, 0x000000008b100000| Complete 
| 108|0x000000008b200000, 0x000000008b300000, 0x000000008b300000|100%| E|CS|TAMS 0x000000008b200000, 0x000000008b200000| Complete 
| 109|0x000000008b300000, 0x000000008b400000, 0x000000008b400000|100%| E|CS|TAMS 0x000000008b300000, 0x000000008b300000| Complete 
| 110|0x000000008b400000, 0x000000008b500000, 0x000000008b500000|100%| E|CS|TAMS 0x000000008b400000, 0x000000008b400000| Complete 
| 111|0x000000008b500000, 0x000000008b600000, 0x000000008b600000|100%| E|CS|TAMS 0x000000008b500000, 0x000000008b500000| Complete 
| 112|0x000000008b600000, 0x000000008b700000, 0x000000008b700000|100%| E|CS|TAMS 0x000000008b600000, 0x000000008b600000| Complete 
| 113|0x000000008b700000, 0x000000008b800000, 0x000000008b800000|100%| E|CS|TAMS 0x000000008b700000, 0x000000008b700000| Complete 
| 114|0x000000008b800000, 0x000000008b900000, 0x000000008b900000|100%| E|CS|TAMS 0x000000008b800000, 0x000000008b800000| Complete 
| 115|0x000000008b900000, 0x000000008ba00000, 0x000000008ba00000|100%| E|CS|TAMS 0x000000008b900000, 0x000000008b900000| Complete 
| 116|0x000000008ba00000, 0x000000008bb00000, 0x000000008bb00000|100%| E|CS|TAMS 0x000000008ba00000, 0x000000008ba00000| Complete 
| 117|0x000000008bb00000, 0x000000008bc00000, 0x000000008bc00000|100%| E|CS|TAMS 0x000000008bb00000, 0x000000008bb00000| Complete 
| 118|0x000000008bc00000, 0x000000008bd00000, 0x000000008bd00000|100%| E|CS|TAMS 0x000000008bc00000, 0x000000008bc00000| Complete 
| 119|0x000000008bd00000, 0x000000008be00000, 0x000000008be00000|100%| E|CS|TAMS 0x000000008bd00000, 0x000000008bd00000| Complete 
| 120|0x000000008be00000, 0x000000008bf00000, 0x000000008bf00000|100%| E|CS|TAMS 0x000000008be00000, 0x000000008be00000| Complete 
| 121|0x000000008bf00000, 0x000000008c000000, 0x000000008c000000|100%| E|CS|TAMS 0x000000008bf00000, 0x000000008bf00000| Complete 
| 122|0x000000008c000000, 0x000000008c100000, 0x000000008c100000|100%| E|CS|TAMS 0x000000008c000000, 0x000000008c000000| Complete 
| 123|0x000000008c100000, 0x000000008c200000, 0x000000008c200000|100%| E|CS|TAMS 0x000000008c100000, 0x000000008c100000| Complete 

Card table byte_map: [0x00007f8287c23000,0x00007f8288000000] _byte_map_base: 0x00007f8287800000

Marking Bits (Prev, Next): (CMBitMap*) 0x00007f82a40693f8, (CMBitMap*) 0x00007f82a4069430
 Prev Bits: [0x00007f828595e000, 0x00007f8287846000)
 Next Bits: [0x00007f8283a76000, 0x00007f828595e000)

Polling page: 0x00007f82ab092000

Metaspace:

Usage:
  Non-class:     14.29 MB capacity,    14.05 MB ( 98%) used,   212.59 KB (  1%) free+waste,    38.81 KB ( <1%) overhead. 
      Class:      1.75 MB capacity,     1.59 MB ( 91%) used,   142.52 KB (  8%) free+waste,    19.19 KB (  1%) overhead. 
       Both:     16.04 MB capacity,    15.64 MB ( 97%) used,   355.11 KB (  2%) free+waste,    58.00 KB ( <1%) overhead. 

Virtual space:
  Non-class space:       16.00 MB reserved,      14.50 MB ( 91%) committed 
      Class space:        1.00 GB reserved,       1.75 MB ( <1%) committed 
             Both:        1.02 GB reserved,      16.25 MB (  2%) committed 

Chunk freelists:
   Non-Class:  27.00 KB
       Class:  4.00 KB
        Both:  31.00 KB

MaxMetaspaceSize: unlimited
CompressedClassSpaceSize: 1.00 GB
Initial GC threshold: 20.80 MB
Current GC threshold: 20.80 MB
CDS: off

CodeHeap 'non-profiled nmethods': size=120032Kb used=748Kb max_used=748Kb free=119283Kb
 bounds [0x00007f82942e6000, 0x00007f8294556000, 0x00007f829b81e000]
CodeHeap 'profiled nmethods': size=120028Kb used=3048Kb max_used=3048Kb free=116979Kb
 bounds [0x00007f828cdaf000, 0x00007f828d0af000, 0x00007f82942e6000]
CodeHeap 'non-nmethods': size=5700Kb used=1148Kb max_used=1164Kb free=4552Kb
 bounds [0x00007f828c81e000, 0x00007f828ca8e000, 0x00007f828cdaf000]
 total_blobs=2066 nmethods=1655 adapters=325
 compilation: enabled
              stopped_count=0, restarted_count=0
 full_count=0

Compilation events (20 events):
Event: 2.312 Thread 0x00007f82a41f0800 nmethod 1644 0x00007f828d0a4b90 code [0x00007f828d0a4d80, 0x00007f828d0a5290]
Event: 2.312 Thread 0x00007f82a41f0800 1645       3       org.springframework.boot.context.properties.source.SpringIterableConfigurationPropertySource$Mappings::lambda$add$0 (8 bytes)
Event: 2.312 Thread 0x00007f82a41f0800 nmethod 1645 0x00007f828d0a5490 code [0x00007f828d0a5680, 0x00007f828d0a5b10]
Event: 2.315 Thread 0x00007f82a41f0800 1649   !   3       java.nio.charset.Charset::defaultCharset (53 bytes)
Event: 2.315 Thread 0x00007f82a41f0800 nmethod 1649 0x00007f828d0a5d10 code [0x00007f828d0a5f80, 0x00007f828d0a6a80]
Event: 2.315 Thread 0x00007f82a41f0800 1647       3       org.springframework.boot.context.properties.source.ConfigurationPropertyName$$Lambda$91/0x000000010016b840::test (6 bytes)
Event: 2.315 Thread 0x00007f82a41f0800 nmethod 1647 0x00007f828d0a6e10 code [0x00007f828d0a6fe0, 0x00007f828d0a7410]
Event: 2.315 Thread 0x00007f82a41f0800 1648       3       org.springframework.boot.context.properties.source.ConfigurationPropertyName::lambda$convertToUniformElement$1 (5 bytes)
Event: 2.315 Thread 0x00007f82a41f0800 nmethod 1648 0x00007f828d0a7590 code [0x00007f828d0a7760, 0x00007f828d0a7b10]
Event: 2.319 Thread 0x00007f82a41f0800 1650       3       jdk.internal.misc.Unsafe::defineAnonymousClass (46 bytes)
Event: 2.319 Thread 0x00007f82a41f0800 nmethod 1650 0x00007f828d0a7c10 code [0x00007f828d0a7e00, 0x00007f828d0a8210]
Event: 2.319 Thread 0x00007f82a41f0800 1654       3       java.util.concurrent.CopyOnWriteArrayList$COWIterator::next (32 bytes)
Event: 2.319 Thread 0x00007f82a41ee800 1652       4       java.lang.CharacterDataLatin1::toUpperCaseEx (71 bytes)
Event: 2.319 Thread 0x00007f82a41f0800 nmethod 1654 0x00007f828d0a8390 code [0x00007f828d0a8560, 0x00007f828d0a8840]
Event: 2.319 Thread 0x00007f82a41f0800 1655       3       java.util.concurrent.CopyOnWriteArrayList::size (6 bytes)
Event: 2.320 Thread 0x00007f82a41f0800 nmethod 1655 0x00007f828d0a8990 code [0x00007f828d0a8b40, 0x00007f828d0a8c50]
Event: 2.320 Thread 0x00007f82a41f0800 1653       3       org.springframework.boot.context.properties.source.SpringIterableConfigurationPropertySource::getPropertySource (5 bytes)
Event: 2.320 Thread 0x00007f82a41f0800 nmethod 1653 0x00007f828d0a8d10 code [0x00007f828d0a8ee0, 0x00007f828d0a9150]
Event: 2.320 Thread 0x00007f82a41ee800 nmethod 1652 0x00007f829439f190 code [0x00007f829439f320, 0x00007f829439f3f8]
Event: 2.322 Thread 0x00007f8254550800 nmethod 1625 0x00007f829439f510 code [0x00007f829439f700, 0x00007f82943a0c48]

GC Heap History (2 events):
Event: 1.051 GC heap before
{Heap before GC invocations=0 (full 0):
 garbage-first heap   total 126976K, used 24576K [0x0000000084600000, 0x0000000100000000)
  region size 1024K, 24 young (24576K), 0 survivors (0K)
 Metaspace       used 10318K, capacity 10443K, committed 10752K, reserved 1058816K
  class space    used 892K, capacity 948K, committed 1024K, reserved 1048576K
}
Event: 1.055 GC heap after
{Heap after GC invocations=1 (full 0):
 garbage-first heap   total 126976K, used 2690K [0x0000000084600000, 0x0000000100000000)
  region size 1024K, 3 young (3072K), 3 survivors (3072K)
 Metaspace       used 10318K, capacity 10443K, committed 10752K, reserved 1058816K
  class space    used 892K, capacity 948K, committed 1024K, reserved 1048576K
}

Deoptimization events (20 events):
Event: 0.920 Thread 0x00007f82a4027000 Uncommon trap: trap_request=0xffffff4d fr.pc=0x00007f82942ee10c relative=0x000000000000006c
Event: 0.920 Thread 0x00007f82a4027000 Uncommon trap: reason=unstable_if action=reinterpret pc=0x00007f82942ee10c method=java.lang.String.isLatin1()Z @ 10 c2
Event: 0.920 Thread 0x00007f82a4027000 DEOPT PACKING pc=0x00007f82942ee10c sp=0x00007f82a9515470
Event: 0.920 Thread 0x00007f82a4027000 DEOPT UNPACKING pc=0x00007f828c867ea5 sp=0x00007f82a95153d0 mode 2
Event: 1.120 Thread 0x00007f82a4027000 Uncommon trap: trap_request=0xffffff4d fr.pc=0x00007f82943339c0 relative=0x0000000000000480
Event: 1.120 Thread 0x00007f82a4027000 Uncommon trap: reason=unstable_if action=reinterpret pc=0x00007f82943339c0 method=java.lang.StringLatin1.replace([BCC)Ljava/lang/String; @ 19 c2
Event: 1.120 Thread 0x00007f82a4027000 DEOPT PACKING pc=0x00007f82943339c0 sp=0x00007f82a9514d70
Event: 1.120 Thread 0x00007f82a4027000 DEOPT UNPACKING pc=0x00007f828c867ea5 sp=0x00007f82a9514d00 mode 2
Event: 1.748 Thread 0x00007f82a4027000 Uncommon trap: trap_request=0xffffff4d fr.pc=0x00007f829436f91c relative=0x000000000000071c
Event: 1.748 Thread 0x00007f82a4027000 Uncommon trap: reason=unstable_if action=reinterpret pc=0x00007f829436f91c method=java.util.HashMap.hash(Ljava/lang/Object;)I @ 1 c2
Event: 1.748 Thread 0x00007f82a4027000 DEOPT PACKING pc=0x00007f829436f91c sp=0x00007f82a9516070
Event: 1.748 Thread 0x00007f82a4027000 DEOPT UNPACKING pc=0x00007f828c867ea5 sp=0x00007f82a9516000 mode 2
Event: 1.915 Thread 0x00007f82a4027000 DEOPT PACKING pc=0x00007f828cec84d4 sp=0x00007f82a9513450
Event: 1.915 Thread 0x00007f82a4027000 DEOPT UNPACKING pc=0x00007f828c86864a sp=0x00007f82a95128c8 mode 0
Event: 2.135 Thread 0x00007f82a4027000 DEOPT PACKING pc=0x00007f828cdca98b sp=0x00007f82a95158e0
Event: 2.135 Thread 0x00007f82a4027000 DEOPT UNPACKING pc=0x00007f828c86864a sp=0x00007f82a9514d88 mode 0
Event: 2.159 Thread 0x00007f82a4027000 Uncommon trap: trap_request=0xffffff4d fr.pc=0x00007f829430d2e0 relative=0x00000000000001c0
Event: 2.159 Thread 0x00007f82a4027000 Uncommon trap: reason=unstable_if action=reinterpret pc=0x00007f829430d2e0 method=java.lang.String.startsWith(Ljava/lang/String;I)Z @ 1 c2
Event: 2.159 Thread 0x00007f82a4027000 DEOPT PACKING pc=0x00007f829430d2e0 sp=0x00007f82a9515fa0
Event: 2.159 Thread 0x00007f82a4027000 DEOPT UNPACKING pc=0x00007f828c867ea5 sp=0x00007f82a9515f30 mode 2

Classes redefined (0 events):
No events

Internal exceptions (20 events):
Event: 1.748 Thread 0x00007f82a4027000 Implicit null exception at 0x00007f829436f23b to 0x00007f829436f904
Event: 1.835 Thread 0x00007f82a4027000 Exception <a 'java/lang/NoSuchMethodError'{0x000000008a1a2568}: 'java.lang.Object java.lang.invoke.DirectMethodHandle$Holder.invokeInterface(java.lang.Object, java.lang.Object, java.lang.Object)'> (0x000000008a1a2568) thrown at [./src/hotspot/share/interpreter/linkResolver.cpp, line 773]
Event: 1.835 Thread 0x00007f82a4027000 Exception <a 'java/lang/IncompatibleClassChangeError'{0x000000008a1a5900}: Found class java.lang.Object, but interface was expected> (0x000000008a1a5900) thrown at [./src/hotspot/share/interpreter/linkResolver.cpp, line 839]
Event: 1.897 Thread 0x00007f82a4027000 Exception <a 'java/lang/NoSuchMethodError'{0x0000000089fa8830}: 'int java.lang.invoke.DirectMethodHandle$Holder.invokeSpecial(java.lang.Object, java.lang.Object, java.lang.Object, java.lang.Object)'> (0x0000000089fa8830) thrown at [./src/hotspot/share/interpreter/linkResolver.cpp, line 773]
Event: 1.903 Thread 0x00007f82a4027000 Exception <a 'java/lang/NoSuchMethodError'{0x0000000089fd44f0}: 'void java.lang.invoke.DirectMethodHandle$Holder.invokeSpecial(java.lang.Object, java.lang.Object, java.lang.Object, java.lang.Object)'> (0x0000000089fd44f0) thrown at [./src/hotspot/share/interpreter/linkResolver.cpp, line 773]
Event: 1.998 Thread 0x00007f82a4027000 Exception <a 'java/lang/NoSuchMethodError'{0x0000000089b03da0}: 'java.lang.Object java.lang.invoke.Invokers$Holder.linkToTargetMethod(java.lang.Object, java.lang.Object, java.lang.Object, java.lang.Object, java.lang.Object, java.lang.Object)'> (0x0000000089b03da0) thrown at [./src/hotspot/share/interpreter/linkResolver.cpp, line 773]
Event: 2.011 Thread 0x00007f82a4027000 Exception <a 'java/lang/IncompatibleClassChangeError'{0x0000000089b6fcb8}: Found class java.lang.Object, but interface was expected> (0x0000000089b6fcb8) thrown at [./src/hotspot/share/interpreter/linkResolver.cpp, line 839]
Event: 2.041 Thread 0x00007f82a4027000 Exception <a 'java/lang/NoSuchMethodError'{0x0000000089a5b298}: 'java.lang.Object java.lang.invoke.DirectMethodHandle$Holder.invokeSpecial(java.lang.Object, java.lang.Object, java.lang.Object, java.lang.Object, java.lang.Object, java.lang.Object, int)'> (0x0000000089a5b298) thrown at [./src/hotspot/share/interpreter/linkResolver.cpp, line 773]
Event: 2.041 Thread 0x00007f82a4027000 Exception <a 'java/lang/NoSuchMethodError'{0x0000000089a64cf8}: 'java.lang.Object java.lang.invoke.DirectMethodHandle$Holder.invokeSpecial(java.lang.Object, java.lang.Object, java.lang.Object, java.lang.Object, java.lang.Object, java.lang.Object, java.lang.Object, int)'> (0x0000000089a64cf8) thrown at [./src/hotspot/share/interpreter/linkResolver.cpp, line 773]
Event: 2.041 Thread 0x00007f82a4027000 Exception <a 'java/lang/NoSuchMethodError'{0x0000000089a68ba0}: 'java.lang.Object java.lang.invoke.Invokers$Holder.linkToTargetMethod(java.lang.Object, java.lang.Object, java.lang.Object, java.lang.Object, java.lang.Object, int, java.lang.Object)'> (0x0000000089a68ba0) thrown at [./src/hotspot/share/interpreter/linkResolver.cpp, line 773]
Event: 2.049 Thread 0x00007f82a4027000 Exception <a 'java/lang/IncompatibleClassChangeError'{0x0000000089a9c0f8}: Found class java.lang.Object, but interface was expected> (0x0000000089a9c0f8) thrown at [./src/hotspot/share/interpreter/linkResolver.cpp, line 839]
Event: 2.125 Thread 0x00007f82a4027000 Exception <a 'java/lang/NoSuchMethodError'{0x0000000089739e78}: 'int java.lang.invoke.DirectMethodHandle$Holder.invokeInterface(java.lang.Object, java.lang.Object)'> (0x0000000089739e78) thrown at [./src/hotspot/share/interpreter/linkResolver.cpp, line 773]
Event: 2.187 Thread 0x00007f82a4027000 Exception <a 'java/lang/NoSuchMethodError'{0x00000000895a0780}: 'java.lang.Object java.lang.invoke.DirectMethodHandle$Holder.invokeStatic(java.lang.Object, java.lang.Object, java.lang.Object, int, java.lang.Object)'> (0x00000000895a0780) thrown at [./src/hotspot/share/interpreter/linkResolver.cpp, line 773]
Event: 2.187 Thread 0x00007f82a4027000 Exception <a 'java/lang/NoSuchMethodError'{0x00000000895a7188}: 'java.lang.Object java.lang.invoke.Invokers$Holder.linkToTargetMethod(java.lang.Object, java.lang.Object, int, java.lang.Object, java.lang.Object)'> (0x00000000895a7188) thrown at [./src/hotspot/share/interpreter/linkResolver.cpp, line 773]
Event: 2.190 Thread 0x00007f82a4027000 Exception <a 'java/lang/NoSuchMethodError'{0x00000000895ba540}: 'int java.lang.invoke.DirectMethodHandle$Holder.invokeStatic(java.lang.Object, int, java.lang.Object, java.lang.Object)'> (0x00000000895ba540) thrown at [./src/hotspot/share/interpreter/linkResolver.cpp, line 773]
Event: 2.190 Thread 0x00007f82a4027000 Exception <a 'java/lang/NoSuchMethodError'{0x00000000895c1650}: 'java.lang.Object java.lang.invoke.DirectMethodHandle$Holder.invokeStatic(java.lang.Object, int, java.lang.Object)'> (0x00000000895c1650) thrown at [./src/hotspot/share/interpreter/linkResolver.cpp, line 773]
Event: 2.190 Thread 0x00007f82a4027000 Exception <a 'java/lang/NoSuchMethodError'{0x00000000895c5a00}: 'int java.lang.invoke.DirectMethodHandle$Holder.invokeSpecialIFC(java.lang.Object, java.lang.Object, java.lang.Object, java.lang.Object)'> (0x00000000895c5a00) thrown at [./src/hotspot/share/interpreter/linkResolver.cpp, line 773]
Event: 2.305 Thread 0x00007f82a4027000 Exception <a 'java/lang/NoSuchMethodError'{0x0000000089007f70}: 'int java.lang.invoke.DirectMethodHandle$Holder.invokeVirtual(java.lang.Object, java.lang.Object)'> (0x0000000089007f70) thrown at [./src/hotspot/share/interpreter/linkResolver.cpp, line 773]
Event: 2.314 Thread 0x00007f82a4027000 Exception <a 'java/lang/NoSuchMethodError'{0x000000008908d020}: 'void java.lang.invoke.DirectMethodHandle$Holder.invokeStaticInit(java.lang.Object, java.lang.Object)'> (0x000000008908d020) thrown at [./src/hotspot/share/interpreter/linkResolver.cpp, line 773]
Event: 2.319 Thread 0x00007f82a4027000 Exception <a 'java/lang/NoSuchMethodError'{0x00000000890a6570}: 'void java.lang.invoke.DirectMethodHandle$Holder.invokeStaticInit(java.lang.Object, java.lang.Object, java.lang.Object)'> (0x00000000890a6570) thrown at [./src/hotspot/share/interpreter/linkResolver.cpp, line 773]

Events (20 events):
Event: 2.314 loading class org/springframework/boot/ansi/AnsiOutput$Enabled
Event: 2.314 loading class org/springframework/boot/ansi/AnsiOutput$Enabled done
Event: 2.314 loading class org/springframework/boot/ansi/AnsiOutput$Enabled
Event: 2.314 loading class org/springframework/boot/ansi/AnsiOutput$Enabled done
Event: 2.315 loading class org/springframework/boot/ansi/AnsiColor
Event: 2.315 loading class org/springframework/boot/ansi/AnsiColor done
Event: 2.316 loading class org/springframework/boot/ansi/AnsiElement
Event: 2.316 loading class org/springframework/boot/ansi/AnsiElement done
Event: 2.321 loading class org/springframework/boot/system/ApplicationPid
Event: 2.321 loading class org/springframework/boot/system/ApplicationPid done
Event: 2.322 loading class java/lang/management/ManagementFactory
Event: 2.322 loading class java/lang/management/ManagementFactory done
Event: 2.323 Loaded shared library /home/exit/.sdkman/candidates/java/11.0.15.9.1-amzn/lib/libmanagement.so
Event: 2.323 loading class java/lang/management/RuntimeMXBean
Event: 2.323 loading class java/lang/management/PlatformManagedObject
Event: 2.323 loading class java/lang/management/PlatformManagedObject done
Event: 2.323 loading class java/lang/management/RuntimeMXBean done
Event: 2.323 loading class java/lang/management/ManagementFactory$PlatformMBeanFinder
Event: 2.323 loading class java/lang/management/ManagementFactory$PlatformMBeanFinder done
Event: 2.323 loading class sun/management/spi/PlatformMBeanProvider


Dynamic libraries:
84600000-8c200000 rw-p 00000000 00:00 0 
8c200000-100000000 ---p 00000000 00:00 0 
100000000-1001c0000 rw-p 00000000 00:00 0 
1001c0000-140000000 ---p 00000000 00:00 0 
5636f6600000-5636f6601000 r-xp 00000000 08:20 23339                      /home/exit/.sdkman/candidates/java/11.0.15.9.1-amzn/bin/java
5636f6801000-5636f6802000 r--p 00001000 08:20 23339                      /home/exit/.sdkman/candidates/java/11.0.15.9.1-amzn/bin/java
5636f6802000-5636f6803000 rw-p 00002000 08:20 23339                      /home/exit/.sdkman/candidates/java/11.0.15.9.1-amzn/bin/java
5636f7392000-5636f73b3000 rw-p 00000000 00:00 0                          [heap]
7f8238000000-7f823802e000 rw-p 00000000 00:00 0 
7f823802e000-7f823c000000 ---p 00000000 00:00 0 
7f823c000000-7f823c843000 rw-p 00000000 00:00 0 
7f823c843000-7f8240000000 ---p 00000000 00:00 0 
7f8240000000-7f8240021000 rw-p 00000000 00:00 0 
7f8240021000-7f8244000000 ---p 00000000 00:00 0 
7f8244000000-7f8244987000 rw-p 00000000 00:00 0 
7f8244987000-7f8248000000 ---p 00000000 00:00 0 
7f8248000000-7f8248021000 rw-p 00000000 00:00 0 
7f8248021000-7f824c000000 ---p 00000000 00:00 0 
7f824c000000-7f824c021000 rw-p 00000000 00:00 0 
7f824c021000-7f8250000000 ---p 00000000 00:00 0 
7f8250000000-7f8250eb5000 rw-p 00000000 00:00 0 
7f8250eb5000-7f8254000000 ---p 00000000 00:00 0 
7f8254000000-7f8254557000 rw-p 00000000 00:00 0 
7f8254557000-7f8258000000 ---p 00000000 00:00 0 
7f8258000000-7f8258021000 rw-p 00000000 00:00 0 
7f8258021000-7f825c000000 ---p 00000000 00:00 0 
7f825c000000-7f825c021000 rw-p 00000000 00:00 0 
7f825c021000-7f8260000000 ---p 00000000 00:00 0 
7f8262243000-7f8262600000 rw-p 00000000 00:00 0 
7f8262600000-7f8262604000 r-xp 00000000 08:20 23450                      /home/exit/.sdkman/candidates/java/11.0.15.9.1-amzn/lib/libmanagement.so
7f8262604000-7f8262804000 ---p 00004000 08:20 23450                      /home/exit/.sdkman/candidates/java/11.0.15.9.1-amzn/lib/libmanagement.so
7f8262804000-7f8262805000 r--p 00004000 08:20 23450                      /home/exit/.sdkman/candidates/java/11.0.15.9.1-amzn/lib/libmanagement.so
7f8262805000-7f8262806000 rw-p 00000000 00:00 0 
7f82628fe000-7f826297e000 rw-p 00000000 00:00 0 
7f826297e000-7f8262afe000 ---p 00000000 00:00 0 
7f8262afe000-7f8262cfe000 rw-p 00000000 00:00 0 
7f8262cfe000-7f8262efe000 rw-p 00000000 00:00 0 
7f8262efe000-7f8262eff000 ---p 00000000 00:00 0 
7f8262eff000-7f8263200000 rw-p 00000000 00:00 0 
7f8263200000-7f8263215000 r-xp 00000000 08:20 23464                      /home/exit/.sdkman/candidates/java/11.0.15.9.1-amzn/lib/libnet.so
7f8263215000-7f8263415000 ---p 00015000 08:20 23464                      /home/exit/.sdkman/candidates/java/11.0.15.9.1-amzn/lib/libnet.so
7f8263415000-7f8263416000 r--p 00015000 08:20 23464                      /home/exit/.sdkman/candidates/java/11.0.15.9.1-amzn/lib/libnet.so
7f8263416000-7f8263417000 rw-p 00016000 08:20 23464                      /home/exit/.sdkman/candidates/java/11.0.15.9.1-amzn/lib/libnet.so
7f8263500000-7f8263504000 ---p 00000000 00:00 0 
7f8263504000-7f8263600000 rw-p 00000000 00:00 0 
7f8263600000-7f8263610000 r-xp 00000000 08:20 23453                      /home/exit/.sdkman/candidates/java/11.0.15.9.1-amzn/lib/libnio.so
7f8263610000-7f8263810000 ---p 00010000 08:20 23453                      /home/exit/.sdkman/candidates/java/11.0.15.9.1-amzn/lib/libnio.so
7f8263810000-7f8263811000 r--p 00010000 08:20 23453                      /home/exit/.sdkman/candidates/java/11.0.15.9.1-amzn/lib/libnio.so
7f8263811000-7f8263812000 rw-p 00011000 08:20 23453                      /home/exit/.sdkman/candidates/java/11.0.15.9.1-amzn/lib/libnio.so
7f82638fe000-7f8263902000 ---p 00000000 00:00 0 
7f8263902000-7f82639fe000 rw-p 00000000 00:00 0 
7f82639fe000-7f8263a02000 ---p 00000000 00:00 0 
7f8263a02000-7f8263afe000 rw-p 00000000 00:00 0 
7f8263afe000-7f8263aff000 ---p 00000000 00:00 0 
7f8263aff000-7f8263c00000 rw-p 00000000 00:00 0 
7f8263c00000-7f8263c04000 ---p 00000000 00:00 0 
7f8263c04000-7f8263d00000 rw-p 00000000 00:00 0 
7f8263d00000-7f8263d04000 ---p 00000000 00:00 0 
7f8263d04000-7f8263e00000 rw-p 00000000 00:00 0 
7f8263e00000-7f8263e04000 ---p 00000000 00:00 0 
7f8263e04000-7f8263f00000 rw-p 00000000 00:00 0 
7f8263f00000-7f8263f04000 ---p 00000000 00:00 0 
7f8263f04000-7f8264000000 rw-p 00000000 00:00 0 
7f8264000000-7f8264021000 rw-p 00000000 00:00 0 
7f8264021000-7f8268000000 ---p 00000000 00:00 0 
7f8268000000-7f8268021000 rw-p 00000000 00:00 0 
7f8268021000-7f826c000000 ---p 00000000 00:00 0 
7f826c000000-7f826c021000 rw-p 00000000 00:00 0 
7f826c021000-7f8270000000 ---p 00000000 00:00 0 
7f8270000000-7f8270021000 rw-p 00000000 00:00 0 
7f8270021000-7f8274000000 ---p 00000000 00:00 0 
7f8274000000-7f8274021000 rw-p 00000000 00:00 0 
7f8274021000-7f8278000000 ---p 00000000 00:00 0 
7f8278000000-7f8278021000 rw-p 00000000 00:00 0 
7f8278021000-7f827c000000 ---p 00000000 00:00 0 
7f827c000000-7f827c021000 rw-p 00000000 00:00 0 
7f827c021000-7f8280000000 ---p 00000000 00:00 0 
7f828007d000-7f8280081000 ---p 00000000 00:00 0 
7f8280081000-7f828017d000 rw-p 00000000 00:00 0 
7f828017d000-7f8280466000 r--p 00000000 08:20 2895                       /usr/lib/locale/locale-archive
7f8280466000-7f828046a000 ---p 00000000 00:00 0 
7f828046a000-7f8280566000 rw-p 00000000 00:00 0 
7f8280566000-7f828056a000 ---p 00000000 00:00 0 
7f828056a000-7f8280666000 rw-p 00000000 00:00 0 
7f8280666000-7f8280667000 ---p 00000000 00:00 0 
7f8280667000-7f8280f68000 rw-p 00000000 00:00 0 
7f8280f68000-7f8280f69000 ---p 00000000 00:00 0 
7f8280f69000-7f828106a000 rw-p 00000000 00:00 0 
7f828106a000-7f828106b000 ---p 00000000 00:00 0 
7f828106b000-7f8283974000 rw-p 00000000 00:00 0 
7f8283974000-7f8283975000 ---p 00000000 00:00 0 
7f8283975000-7f8283c66000 rw-p 00000000 00:00 0 
7f8283c66000-7f828595e000 ---p 00000000 00:00 0 
7f828595e000-7f8285b4e000 rw-p 00000000 00:00 0 
7f8285b4e000-7f8287846000 ---p 00000000 00:00 0 
7f8287846000-7f8287884000 rw-p 00000000 00:00 0 
7f8287884000-7f8287c23000 ---p 00000000 00:00 0 
7f8287c23000-7f8287c61000 rw-p 00000000 00:00 0 
7f8287c61000-7f8288000000 ---p 00000000 00:00 0 
7f8288000000-7f8288021000 rw-p 00000000 00:00 0 
7f8288021000-7f828c000000 ---p 00000000 00:00 0 
7f828c03c000-7f828c03d000 ---p 00000000 00:00 0 
7f828c03d000-7f828c17c000 rw-p 00000000 00:00 0 
7f828c17c000-7f828c51b000 ---p 00000000 00:00 0 
7f828c51b000-7f828c81e000 rw-p 00000000 00:00 0 
7f828c81e000-7f828ca8e000 rwxp 00000000 00:00 0 
7f828ca8e000-7f828cdaf000 ---p 00000000 00:00 0 
7f828cdaf000-7f828d0af000 rwxp 00000000 00:00 0 
7f828d0af000-7f82942e6000 ---p 00000000 00:00 0 
7f82942e6000-7f8294556000 rwxp 00000000 00:00 0 
7f8294556000-7f829b81e000 ---p 00000000 00:00 0 
7f829b81e000-7f82a4000000 r--s 00000000 08:20 23474                      /home/exit/.sdkman/candidates/java/11.0.15.9.1-amzn/lib/modules
7f82a4000000-7f82a4a9d000 rw-p 00000000 00:00 0 
7f82a4a9d000-7f82a8000000 ---p 00000000 00:00 0 
7f82a80fb000-7f82a8600000 rw-p 00000000 00:00 0 
7f82a8600000-7f82a861a000 r-xp 00000000 08:20 23452                      /home/exit/.sdkman/candidates/java/11.0.15.9.1-amzn/lib/libzip.so
7f82a861a000-7f82a881a000 ---p 0001a000 08:20 23452                      /home/exit/.sdkman/candidates/java/11.0.15.9.1-amzn/lib/libzip.so
7f82a881a000-7f82a881b000 r--p 0001a000 08:20 23452                      /home/exit/.sdkman/candidates/java/11.0.15.9.1-amzn/lib/libzip.so
7f82a881b000-7f82a881c000 rw-p 00000000 00:00 0 
7f82a88fe000-7f82a88ff000 ---p 00000000 00:00 0 
7f82a88ff000-7f82a8a00000 rw-p 00000000 00:00 0 
7f82a8a00000-7f82a8a1b000 r-xp 00000000 08:20 23456                      /home/exit/.sdkman/candidates/java/11.0.15.9.1-amzn/lib/libjimage.so
7f82a8a1b000-7f82a8c1b000 ---p 0001b000 08:20 23456                      /home/exit/.sdkman/candidates/java/11.0.15.9.1-amzn/lib/libjimage.so
7f82a8c1b000-7f82a8c1d000 r--p 0001b000 08:20 23456                      /home/exit/.sdkman/candidates/java/11.0.15.9.1-amzn/lib/libjimage.so
7f82a8c1d000-7f82a8c1e000 rw-p 0001d000 08:20 23456                      /home/exit/.sdkman/candidates/java/11.0.15.9.1-amzn/lib/libjimage.so
7f82a8c3d000-7f82a8c94000 r--p 00000000 08:20 2884                       /usr/lib/locale/C.utf8/LC_CTYPE
7f82a8c94000-7f82a8d1a000 rw-p 00000000 00:00 0 
7f82a8d1a000-7f82a8e00000 ---p 00000000 00:00 0 
7f82a8e00000-7f82a8e2a000 r-xp 00000000 08:20 23467                      /home/exit/.sdkman/candidates/java/11.0.15.9.1-amzn/lib/libjava.so
7f82a8e2a000-7f82a9029000 ---p 0002a000 08:20 23467                      /home/exit/.sdkman/candidates/java/11.0.15.9.1-amzn/lib/libjava.so
7f82a9029000-7f82a902a000 r--p 00029000 08:20 23467                      /home/exit/.sdkman/candidates/java/11.0.15.9.1-amzn/lib/libjava.so
7f82a902a000-7f82a902b000 rw-p 0002a000 08:20 23467                      /home/exit/.sdkman/candidates/java/11.0.15.9.1-amzn/lib/libjava.so
7f82a902b000-7f82a902c000 rw-p 00000000 00:00 0 
7f82a903a000-7f82a911b000 rw-p 00000000 00:00 0 
7f82a911b000-7f82a9200000 ---p 00000000 00:00 0 
7f82a9200000-7f82a920d000 r-xp 00000000 08:20 23472                      /home/exit/.sdkman/candidates/java/11.0.15.9.1-amzn/lib/libverify.so
7f82a920d000-7f82a940c000 ---p 0000d000 08:20 23472                      /home/exit/.sdkman/candidates/java/11.0.15.9.1-amzn/lib/libverify.so
7f82a940c000-7f82a940e000 r--p 0000c000 08:20 23472                      /home/exit/.sdkman/candidates/java/11.0.15.9.1-amzn/lib/libverify.so
7f82a940e000-7f82a940f000 rw-p 00000000 00:00 0 
7f82a9419000-7f82a941d000 ---p 00000000 00:00 0 
7f82a941d000-7f82a9519000 rw-p 00000000 00:00 0 
7f82a9519000-7f82a9527000 r--p 00000000 08:20 33556077                   /usr/lib/x86_64-linux-gnu/libm.so.6
7f82a9527000-7f82a95a3000 r-xp 0000e000 08:20 33556077                   /usr/lib/x86_64-linux-gnu/libm.so.6
7f82a95a3000-7f82a95fe000 r--p 0008a000 08:20 33556077                   /usr/lib/x86_64-linux-gnu/libm.so.6
7f82a95fe000-7f82a95ff000 r--p 000e4000 08:20 33556077                   /usr/lib/x86_64-linux-gnu/libm.so.6
7f82a95ff000-7f82a9600000 rw-p 000e5000 08:20 33556077                   /usr/lib/x86_64-linux-gnu/libm.so.6
7f82a9600000-7f82aa870000 r-xp 00000000 08:20 23441                      /home/exit/.sdkman/candidates/java/11.0.15.9.1-amzn/lib/server/libjvm.so
7f82aa870000-7f82aaa70000 ---p 01270000 08:20 23441                      /home/exit/.sdkman/candidates/java/11.0.15.9.1-amzn/lib/server/libjvm.so
7f82aaa70000-7f82aab35000 r--p 01270000 08:20 23441                      /home/exit/.sdkman/candidates/java/11.0.15.9.1-amzn/lib/server/libjvm.so
7f82aab35000-7f82aab70000 rw-p 01335000 08:20 23441                      /home/exit/.sdkman/candidates/java/11.0.15.9.1-amzn/lib/server/libjvm.so
7f82aab70000-7f82aabc8000 rw-p 00000000 00:00 0 
7f82aabd8000-7f82aac00000 r--p 00000000 08:20 33555861                   /usr/lib/x86_64-linux-gnu/libc.so.6
7f82aac00000-7f82aad95000 r-xp 00028000 08:20 33555861                   /usr/lib/x86_64-linux-gnu/libc.so.6
7f82aad95000-7f82aaded000 r--p 001bd000 08:20 33555861                   /usr/lib/x86_64-linux-gnu/libc.so.6
7f82aaded000-7f82aadf1000 r--p 00214000 08:20 33555861                   /usr/lib/x86_64-linux-gnu/libc.so.6
7f82aadf1000-7f82aadf3000 rw-p 00218000 08:20 33555861                   /usr/lib/x86_64-linux-gnu/libc.so.6
7f82aadf3000-7f82aae00000 rw-p 00000000 00:00 0 
7f82aae00000-7f82aae1a000 r-xp 00000000 08:20 23466                      /home/exit/.sdkman/candidates/java/11.0.15.9.1-amzn/lib/jli/libjli.so
7f82aae1a000-7f82ab019000 ---p 0001a000 08:20 23466                      /home/exit/.sdkman/candidates/java/11.0.15.9.1-amzn/lib/jli/libjli.so
7f82ab019000-7f82ab01a000 r--p 00019000 08:20 23466                      /home/exit/.sdkman/candidates/java/11.0.15.9.1-amzn/lib/jli/libjli.so
7f82ab01a000-7f82ab01b000 rw-p 0001a000 08:20 23466                      /home/exit/.sdkman/candidates/java/11.0.15.9.1-amzn/lib/jli/libjli.so
7f82ab05c000-7f82ab05d000 r--p 00000000 08:20 2891                       /usr/lib/locale/C.utf8/LC_NUMERIC
7f82ab05d000-7f82ab05e000 r--p 00000000 08:20 2894                       /usr/lib/locale/C.utf8/LC_TIME
7f82ab05e000-7f82ab05f000 r--p 00000000 08:20 2883                       /usr/lib/locale/C.utf8/LC_COLLATE
7f82ab05f000-7f82ab060000 r--p 00000000 08:20 2889                       /usr/lib/locale/C.utf8/LC_MONETARY
7f82ab060000-7f82ab061000 r--p 00000000 08:20 2888                       /usr/lib/locale/C.utf8/LC_MESSAGES/SYS_LC_MESSAGES
7f82ab061000-7f82ab062000 r--p 00000000 08:20 2892                       /usr/lib/locale/C.utf8/LC_PAPER
7f82ab062000-7f82ab069000 r--s 00000000 08:20 33555608                   /usr/lib/x86_64-linux-gnu/gconv/gconv-modules.cache
7f82ab069000-7f82ab06e000 rw-p 00000000 00:00 0 
7f82ab06e000-7f82ab075000 ---p 00000000 00:00 0 
7f82ab075000-7f82ab07d000 rw-s 00000000 08:20 23493                      /tmp/hsperfdata_exit/1148
7f82ab07d000-7f82ab07e000 r--p 00000000 08:20 33556213                   /usr/lib/x86_64-linux-gnu/librt.so.1
7f82ab07e000-7f82ab07f000 r-xp 00001000 08:20 33556213                   /usr/lib/x86_64-linux-gnu/librt.so.1
7f82ab07f000-7f82ab080000 r--p 00002000 08:20 33556213                   /usr/lib/x86_64-linux-gnu/librt.so.1
7f82ab080000-7f82ab081000 r--p 00002000 08:20 33556213                   /usr/lib/x86_64-linux-gnu/librt.so.1
7f82ab081000-7f82ab082000 rw-p 00003000 08:20 33556213                   /usr/lib/x86_64-linux-gnu/librt.so.1
7f82ab082000-7f82ab084000 rw-p 00000000 00:00 0 
7f82ab084000-7f82ab085000 r--p 00000000 08:20 33555898                   /usr/lib/x86_64-linux-gnu/libdl.so.2
7f82ab085000-7f82ab086000 r-xp 00001000 08:20 33555898                   /usr/lib/x86_64-linux-gnu/libdl.so.2
7f82ab086000-7f82ab087000 r--p 00002000 08:20 33555898                   /usr/lib/x86_64-linux-gnu/libdl.so.2
7f82ab087000-7f82ab088000 r--p 00002000 08:20 33555898                   /usr/lib/x86_64-linux-gnu/libdl.so.2
7f82ab088000-7f82ab089000 rw-p 00003000 08:20 33555898                   /usr/lib/x86_64-linux-gnu/libdl.so.2
7f82ab089000-7f82ab08a000 r--p 00000000 08:20 33556205                   /usr/lib/x86_64-linux-gnu/libpthread.so.0
7f82ab08a000-7f82ab08b000 r-xp 00001000 08:20 33556205                   /usr/lib/x86_64-linux-gnu/libpthread.so.0
7f82ab08b000-7f82ab08c000 r--p 00002000 08:20 33556205                   /usr/lib/x86_64-linux-gnu/libpthread.so.0
7f82ab08c000-7f82ab08d000 r--p 00002000 08:20 33556205                   /usr/lib/x86_64-linux-gnu/libpthread.so.0
7f82ab08d000-7f82ab08e000 rw-p 00003000 08:20 33556205                   /usr/lib/x86_64-linux-gnu/libpthread.so.0
7f82ab08e000-7f82ab08f000 r--p 00000000 08:20 2890                       /usr/lib/locale/C.utf8/LC_NAME
7f82ab08f000-7f82ab090000 r--p 00000000 08:20 2882                       /usr/lib/locale/C.utf8/LC_ADDRESS
7f82ab090000-7f82ab091000 r--p 00000000 08:20 2893                       /usr/lib/locale/C.utf8/LC_TELEPHONE
7f82ab091000-7f82ab092000 r--p 00000000 08:20 2886                       /usr/lib/locale/C.utf8/LC_MEASUREMENT
7f82ab092000-7f82ab093000 ---p 00000000 00:00 0 
7f82ab093000-7f82ab094000 r--p 00000000 00:00 0 
7f82ab094000-7f82ab096000 rw-p 00000000 00:00 0 
7f82ab096000-7f82ab098000 r--p 00000000 08:20 33555641                   /usr/lib/x86_64-linux-gnu/ld-linux-x86-64.so.2
7f82ab098000-7f82ab0c2000 r-xp 00002000 08:20 33555641                   /usr/lib/x86_64-linux-gnu/ld-linux-x86-64.so.2
7f82ab0c2000-7f82ab0cd000 r--p 0002c000 08:20 33555641                   /usr/lib/x86_64-linux-gnu/ld-linux-x86-64.so.2
7f82ab0cd000-7f82ab0ce000 r--p 00000000 08:20 2885                       /usr/lib/locale/C.utf8/LC_IDENTIFICATION
7f82ab0ce000-7f82ab0d0000 r--p 00037000 08:20 33555641                   /usr/lib/x86_64-linux-gnu/ld-linux-x86-64.so.2
7f82ab0d0000-7f82ab0d2000 rw-p 00039000 08:20 33555641                   /usr/lib/x86_64-linux-gnu/ld-linux-x86-64.so.2
7fff78c32000-7fff78c53000 rw-p 00000000 00:00 0                          [stack]
7fff78c6d000-7fff78c71000 r--p 00000000 00:00 0                          [vvar]
7fff78c71000-7fff78c72000 r-xp 00000000 00:00 0                          [vdso]


VM Arguments:
java_command: target/dsmovie-0.0.1-SNAPSHOT.jar
java_class_path (initial): target/dsmovie-0.0.1-SNAPSHOT.jar
Launcher Type: SUN_STANDARD

[Global flags]
     intx CICompilerCount                          = 4                                         {product} {ergonomic}
     uint ConcGCThreads                            = 2                                         {product} {ergonomic}
     uint G1ConcRefinementThreads                  = 8                                         {product} {ergonomic}
   size_t G1HeapRegionSize                         = 1048576                                   {product} {ergonomic}
    uintx GCDrainStackTargetSize                   = 64                                        {product} {ergonomic}
   size_t InitialHeapSize                          = 130023424                                 {product} {ergonomic}
   size_t MarkStackSize                            = 4194304                                   {product} {ergonomic}
   size_t MaxHeapSize                              = 2074083328                                {product} {ergonomic}
   size_t MaxNewSize                               = 1243611136                                {product} {ergonomic}
   size_t MinHeapDeltaBytes                        = 1048576                                   {product} {ergonomic}
    uintx NonNMethodCodeHeapSize                   = 5836300                                {pd product} {ergonomic}
    uintx NonProfiledCodeHeapSize                  = 122910970                              {pd product} {ergonomic}
    uintx ProfiledCodeHeapSize                     = 122910970                              {pd product} {ergonomic}
    uintx ReservedCodeCacheSize                    = 251658240                              {pd product} {ergonomic}
     bool SegmentedCodeCache                       = true                                      {product} {ergonomic}
     bool UseCompressedClassPointers               = true                                 {lp64_product} {ergonomic}
     bool UseCompressedOops                        = true                                 {lp64_product} {ergonomic}
     bool UseG1GC                                  = true                                      {product} {ergonomic}

Logging:
Log output configuration:
 #0: stdout all=warning uptime,level,tags
 #1: stderr all=off uptime,level,tags

Environment Variables:
JAVA_HOME=/home/exit/.sdkman/candidates/java/current
PATH=/home/exit/.sdkman/candidates/java/current/bin:/usr/local/sbin:/usr/local/bin:/usr/sbin:/usr/bin:/sbin:/bin:/usr/games:/usr/local/games:/usr/lib/wsl/lib:/mnt/c/Python310/Scripts/:/mnt/c/Python310/:/mnt/c/Program Files (x86)/Common Files/Oracle/Java/javapath:/mnt/c/Program Files/Amazon Corretto/jdk1.8.0_332/bin:/mnt/c/Windows/system32:/mnt/c/Windows:/mnt/c/Windows/System32/Wbem:/mnt/c/Windows/System32/WindowsPowerShell/v1.0/:/mnt/c/Windows/System32/OpenSSH/:/mnt/c/Program Files (x86)/NVIDIA Corporation/PhysX/Common:/mnt/c/Program Files/NVIDIA Corporation/NVIDIA NvDLISR:/mnt/c/ProgramData/chocolatey/bin:/mnt/c/Program Files/Microsoft VS Code/bin:/mnt/c/Program Files/Cloudflare/Cloudflare WARP:/mnt/c/Program Files/dotnet/:/mnt/c/Program Files/Cloudflare/Cloudflare WARP/:/mnt/c/WINDOWS/system32:/mnt/c/WINDOWS:/mnt/c/WINDOWS/System32/Wbem:/mnt/c/WINDOWS/System32/WindowsPowerShell/v1.0/:/mnt/c/WINDOWS/System32/OpenSSH/:/mnt/c/Program Files/Java/jdk1.8.0_211/bin:/mnt/c/Program Files/nodejs/:/mnt/c/Program Files/Git/cmd:/mnt/c/Program Files/WireGuard/:/mnt/c/Program Files/PowerShell/7/:/mnt/c/Program Files/Docker/Docker/resources/bin:/mnt/c/ProgramData/DockerDesktop/version-bin:/mnt/c/ProgramData/chocolatey/lib/maven/apache-maven-3.8.5/bin:/mnt/c/Users/robso/AppData/Local/Microsoft/WindowsApps:/mnt/c/Users/robso/AppData/Local/Programs/Espanso:/mnt/c/Users/robso/AppData/Local/Programs/oh-my-posh/bin:/mnt/c/bin/scala-2.11.4/bin:/mnt/c/Users/robso/AppData/Roaming/npm:/mnt/c/Program Files/heroku/bin
SHELL=/usr/bin/zsh
DISPLAY=:0
HOSTTYPE=x86_64
LANG=C.UTF-8

Signal Handlers:
SIGSEGV: [libjvm.so+0xf43c90], sa_mask[0]=11111111011111111101111111111110, sa_flags=SA_RESTART|SA_SIGINFO
SIGBUS: [libjvm.so+0xf43c90], sa_mask[0]=11111111011111111101111111111110, sa_flags=SA_RESTART|SA_SIGINFO
SIGFPE: [libjvm.so+0xf43c90], sa_mask[0]=11111111011111111101111111111110, sa_flags=SA_RESTART|SA_SIGINFO
SIGPIPE: [libjvm.so+0xc645d0], sa_mask[0]=11111111011111111101111111111110, sa_flags=SA_RESTART|SA_SIGINFO
SIGXFSZ: [libjvm.so+0xc645d0], sa_mask[0]=11111111011111111101111111111110, sa_flags=SA_RESTART|SA_SIGINFO
SIGILL: [libjvm.so+0xf43c90], sa_mask[0]=11111111011111111101111111111110, sa_flags=SA_RESTART|SA_SIGINFO
SIGUSR2: [libjvm.so+0xc64470], sa_mask[0]=00000000000000000000000000000000, sa_flags=SA_RESTART|SA_SIGINFO
SIGHUP: [libjvm.so+0xc647d0], sa_mask[0]=11111111011111111101111111111110, sa_flags=SA_RESTART|SA_SIGINFO
SIGINT: [libjvm.so+0xc647d0], sa_mask[0]=11111111011111111101111111111110, sa_flags=SA_RESTART|SA_SIGINFO
SIGTERM: [libjvm.so+0xc647d0], sa_mask[0]=11111111011111111101111111111110, sa_flags=SA_RESTART|SA_SIGINFO
SIGQUIT: [libjvm.so+0xc647d0], sa_mask[0]=11111111011111111101111111111110, sa_flags=SA_RESTART|SA_SIGINFO


---------------  S Y S T E M  ---------------

OS:DISTRIB_ID=Ubuntu
DISTRIB_RELEASE=22.04
DISTRIB_CODENAME=jammy
DISTRIB_DESCRIPTION="Ubuntu 22.04 LTS"
uname:Linux 5.10.102.1-microsoft-standard-WSL2 #1 SMP Wed Mar 2 00:30:59 UTC 2022 x86_64
OS uptime: 0 days 1:42 hours
libc:glibc 2.35 NPTL 2.35 
rlimit (soft/hard): STACK 8192k/infinity , CORE 0k/infinity , NPROC 31615/31615 , NOFILE 1048576/1048576 , AS infinity/infinity , CPU infinity/infinity , DATA infinity/infinity , FSIZE infinity/infinity , MEMLOCK 65536k/65536k
load average:0.20 0.11 0.15

/proc/meminfo:
MemTotal:        8098860 kB
MemFree:         3624736 kB
MemAvailable:    6346096 kB
Buffers:           73744 kB
Cached:          3185188 kB
SwapCached:            0 kB
Active:           675800 kB
Inactive:        3344196 kB
Active(anon):     124696 kB
Inactive(anon):  1022984 kB
Active(file):     551104 kB
Inactive(file):  2321212 kB
Unevictable:           0 kB
Mlocked:               0 kB
SwapTotal:       2097152 kB
SwapFree:        2097152 kB
Dirty:                72 kB
Writeback:             0 kB
AnonPages:        713924 kB
Mapped:           346808 kB
Shmem:            386632 kB
KReclaimable:     131496 kB
Slab:             200388 kB
SReclaimable:     131496 kB
SUnreclaim:        68892 kB
KernelStack:       12048 kB
PageTables:         8632 kB
NFS_Unstable:          0 kB
Bounce:                0 kB
WritebackTmp:          0 kB
CommitLimit:     6146580 kB
Committed_AS:    4587084 kB
VmallocTotal:   34359738367 kB
VmallocUsed:       33184 kB
VmallocChunk:          0 kB
Percpu:             3712 kB
AnonHugePages:    450560 kB
ShmemHugePages:        0 kB
ShmemPmdMapped:        0 kB
FileHugePages:         0 kB
FilePmdMapped:         0 kB
HugePages_Total:       0
HugePages_Free:        0
HugePages_Rsvd:        0
HugePages_Surp:        0
Hugepagesize:       2048 kB
Hugetlb:               0 kB
DirectMap4k:       41984 kB
DirectMap2M:     6207488 kB
DirectMap1G:    11534336 kB

/sys/kernel/mm/transparent_hugepage/enabled:
[always] madvise never
/sys/kernel/mm/transparent_hugepage/defrag (defrag/compaction efforts parameter):
always defer defer+madvise [madvise] never

Process Memory:
Virtual Size: 4918200K (peak: 4918200K)
Resident Set Size: 144924K (peak: 144924K) (anon: 125932K, file: 18992K, shmem: 0K)
Swapped out: 0K
C-Heap outstanding allocations: 35386K

/proc/sys/kernel/threads-max (system-wide limit on the number of threads):
63231
/proc/sys/vm/max_map_count (maximum number of memory map areas a process may have):
65530
/proc/sys/kernel/pid_max (system-wide limit on number of process identifiers):
32768

container (cgroup) information:
container_type: cgroupv1
cpu_cpuset_cpus: 0-7
cpu_memory_nodes: 0
active_processor_count: 8
cpu_quota: -1
cpu_period: 100000
cpu_shares: -1
memory_limit_in_bytes: -1
memory_and_swap_limit_in_bytes: -1
memory_soft_limit_in_bytes: -1
memory_usage_in_bytes: 4060065792
memory_max_usage_in_bytes: 2019840000

Hyper-V virtualization detected
Steal ticks since vm start: 0
Steal ticks percentage since vm start:  0.000

CPU:total 8 (initial active 8) (4 cores per cpu, 2 threads per core) family 6 model 158 stepping 13 microcode 0xffffffff, cmov, cx8, fxsr, mmx, sse, sse2, sse3, ssse3, sse4.1, sse4.2, popcnt, avx, avx2, aes, clmul, erms, 3dnowpref, lzcnt, ht, tsc, bmi1, bmi2, adx, fma
CPU Model and flags from /proc/cpuinfo:
model name	: Intel(R) Core(TM) i5-9300HF CPU @ 2.40GHz
flags		: fpu vme de pse tsc msr pae mce cx8 apic sep mtrr pge mca cmov pat pse36 clflush mmx fxsr sse sse2 ss ht syscall nx pdpe1gb rdtscp lm constant_tsc arch_perfmon rep_good nopl xtopology cpuid pni pclmulqdq vmx ssse3 fma cx16 pdcm pcid sse4_1 sse4_2 movbe popcnt aes xsave avx f16c rdrand hypervisor lahf_lm abm 3dnowprefetch invpcid_single ssbd ibrs ibpb stibp ibrs_enhanced tpr_shadow vnmi ept vpid ept_ad fsgsbase bmi1 avx2 smep bmi2 erms invpcid rdseed adx smap clflushopt xsaveopt xsavec xgetbv1 xsaves flush_l1d arch_capabilities
Online cpus:
0-7
Offline cpus:

BIOS frequency limitation:
<Not Available>
Frequency switch latency (ns):
<Not Available>
Available cpu frequencies:
<Not Available>
Current governor:
<Not Available>
Core performance/turbo boost:
<Not Available>

Memory: 4k page, physical 8098860k(3624736k free), swap 2097152k(2097152k free)

vm_info: OpenJDK 64-Bit Server VM (11.0.15+9-LTS) for linux-amd64 JRE (11.0.15+9-LTS), built on Apr 15 2022 22:17:05 by "jenkins" with gcc 7.3.1 20180303 (Red Hat 7.3.1-5)

END.
